#
# A fatal error has been detected by the Java Runtime Environment:
#
#  SIGSEGV (0xb) at pc=0x011cd825, pid=14746, tid=3034372976
#
# JRE version: 6.0_20-b20
# Java VM: OpenJDK Client VM (19.0-b09 mixed mode, sharing linux-x86 )
# Derivative: IcedTea6 1.9.7
# Distribution: Ubuntu 10.10, package 6b20-1.9.7-0ubuntu1
# Problematic frame:
# V  [libjvm.so+0x208825]
#
# If you would like to submit a bug report, please include
# instructions how to reproduce the bug and visit:
#   https://bugs.launchpad.net/ubuntu/+source/openjdk-6/
#

---------------  T H R E A D  ---------------

Current thread (0x08461400):  JavaThread "Thread-0" [_thread_in_Java, id=14760, stack(0xb4d7d000,0xb4dce000)]

siginfo:si_signo=SIGSEGV: si_errno=0, si_code=1 (SEGV_MAPERR), si_addr=0x0000000a

Registers:
EAX=0x00000001, EBX=0x0142eff4, ECX=0xb4dcc2a8, EDX=0xb4dcc2b0
ESP=0xb4dcc150, EBP=0xb4dcc158, ESI=0x00000000, EDI=0x0000000a
EIP=0x011cd825, CR2=0x0000000a, EFLAGS=0x00010206

Register to memory mapping:

EAX=0x00000001
0x00000001 is pointing to unknown location

EBX=0x0142eff4
0x0142eff4: <offset 0x469ff4> in /usr/lib/jvm/java-6-openjdk/jre/lib/i386/client/libjvm.so at 0x00fc5000

ECX=0xb4dcc2a8
0xb4dcc2a8 is pointing into the stack for thread: 0x08461400
"Thread-0" prio=10 tid=0x08461400 nid=0x39a8 runnable [0x00000000]
   java.lang.Thread.State: RUNNABLE

EDX=0xb4dcc2b0
0xb4dcc2b0 is pointing into the stack for thread: 0x08461400
"Thread-0" prio=10 tid=0x08461400 nid=0x39a8 runnable [0x00000000]
   java.lang.Thread.State: RUNNABLE

ESP=0xb4dcc150
0xb4dcc150 is pointing into the stack for thread: 0x08461400
"Thread-0" prio=10 tid=0x08461400 nid=0x39a8 runnable [0x00000000]
   java.lang.Thread.State: RUNNABLE

EBP=0xb4dcc158
0xb4dcc158 is pointing into the stack for thread: 0x08461400
"Thread-0" prio=10 tid=0x08461400 nid=0x39a8 runnable [0x00000000]
   java.lang.Thread.State: RUNNABLE

ESI=0x00000000
0x00000000 is pointing to unknown location

EDI=0x0000000a
0x0000000a is pointing to unknown location


Top of Stack: (sp=0xb4dcc150)
0xb4dcc150:   083b7b84 08461400 b4dcc1e8 011ce913
0xb4dcc160:   b4dcc2a8 08461400 00000001 00000001
0xb4dcc170:   00000000 00000006 b4dcc1b8 b570e301
0xb4dcc180:   0000000a b5717370 0017a8bd b4dcc198
0xb4dcc190:   00000000 00000000 08461400 0836fd40
0xb4dcc1a0:   8fa930e0 6fc1e088 b4dcc500 b571808b
0xb4dcc1b0:   b4dcc538 b4dcc390 08461400 0845c050
0xb4dcc1c0:   083b7b28 083b7b8c 083b7f1c b4dcc658 

Instructions: (pc=0x011cd825)
0x011cd815:   14 85 00 00 00 00 01 f2 31 f6 8b 3a 85 ff 74 02
0x011cd825:   8b 37 89 32 8b 71 38 40 39 f0 7c d7 8b 41 30 5e 

Stack: [0xb4d7d000,0xb4dce000],  sp=0xb4dcc150,  free space=316k
Native frames: (J=compiled Java code, j=interpreted, Vv=VM code, C=native code)
V  [libjvm.so+0x208825]
V  [libjvm.so+0x209913]
V  [libjvm.so+0x30a509]
V  [libjvm.so+0x20886f]
V  [libjvm.so+0x214419]
V  [libjvm.so+0x227194]
C  [libjava.so+0x12503]  JNU_NewObjectByName+0xb3
C  [libmanagement.so+0x2acc]  Java_sun_management_Flag_getFlags+0x1fc
j  sun.management.Flag.getFlags([Ljava/lang/String;[Lsun/management/Flag;I)I+0
j  sun.management.Flag.getAllFlags()Ljava/util/List;+12
j  sun.management.HotSpotDiagnostic.getDiagnosticOptions()Ljava/util/List;+0
v  ~StubRoutines::call_stub
V  [libjvm.so+0x209932]
V  [libjvm.so+0x30a509]
V  [libjvm.so+0x20886f]
V  [libjvm.so+0x347541]
V  [libjvm.so+0x348297]
V  [libjvm.so+0x255412]
C  [libjava.so+0x149c2]  Java_sun_reflect_NativeMethodAccessorImpl_invoke0+0x32
j  sun.reflect.NativeMethodAccessorImpl.invoke0(Ljava/lang/reflect/Method;Ljava/lang/Object;[Ljava/lang/Object;)Ljava/lang/Object;+0
j  sun.reflect.NativeMethodAccessorImpl.invoke(Ljava/lang/Object;[Ljava/lang/Object;)Ljava/lang/Object;+87
j  sun.reflect.DelegatingMethodAccessorImpl.invoke(Ljava/lang/Object;[Ljava/lang/Object;)Ljava/lang/Object;+6
j  java.lang.reflect.Method.invoke(Ljava/lang/Object;[Ljava/lang/Object;)Ljava/lang/Object;+161
j  com.sun.jmx.mbeanserver.ConvertingMethod.invokeWithOpenReturn(Lcom/sun/jmx/mbeanserver/MXBeanLookup;Ljava/lang/Object;[Ljava/lang/Object;)Ljava/lang/Object;+66
j  com.sun.jmx.mbeanserver.MXBeanIntrospector.invokeM2(Lcom/sun/jmx/mbeanserver/ConvertingMethod;Ljava/lang/Object;[Ljava/lang/Object;Ljava/lang/Object;)Ljava/lang/Object;+8
j  com.sun.jmx.mbeanserver.MXBeanIntrospector.invokeM2(Ljava/lang/Object;Ljava/lang/Object;[Ljava/lang/Object;Ljava/lang/Object;)Ljava/lang/Object;+9
j  com.sun.jmx.mbeanserver.MBeanIntrospector.invokeM(Ljava/lang/Object;Ljava/lang/Object;[Ljava/lang/Object;Ljava/lang/Object;)Ljava/lang/Object;+6
j  com.sun.jmx.mbeanserver.PerInterface.getAttribute(Ljava/lang/Object;Ljava/lang/String;Ljava/lang/Object;)Ljava/lang/Object;+97
j  com.sun.jmx.mbeanserver.MBeanSupport.getAttribute(Ljava/lang/String;)Ljava/lang/Object;+13
j  javax.management.StandardMBean.getAttribute(Ljava/lang/String;)Ljava/lang/Object;+5
j  com.sun.jmx.interceptor.DefaultMBeanServerInterceptor.getAttribute(Ljavax/management/ObjectName;Ljava/lang/String;)Ljava/lang/Object;+125
j  com.sun.jmx.mbeanserver.JmxMBeanServer.getAttribute(Ljavax/management/ObjectName;Ljava/lang/String;)Ljava/lang/Object;+10
j  ippoz.madness.monitor.slave.probes.mbean.BeanManager.loadDefaultBeans()V+105
j  ippoz.madness.monitor.slave.probes.mbean.BeanManager.<init>()V+12
j  ippoz.madness.monitor.slave.probes.JMXLocalProbe.<init>(Ljava/lang/String;ILjava/io/File;)V+16
j  ippoz.madness.monitor.slave.SlaveManager.takeAction(Ljava/util/Collection;)V+316
j  ippoz.madness.monitor.slave.SlaveManager.access$1(Lippoz/madness/monitor/slave/SlaveManager;Ljava/util/Collection;)V+2
j  ippoz.madness.monitor.slave.SlaveManager$SlaveListener.run()V+23
j  java.lang.Thread.run()V+11
v  ~StubRoutines::call_stub
V  [libjvm.so+0x209932]
V  [libjvm.so+0x30a509]
V  [libjvm.so+0x20886f]
V  [libjvm.so+0x2093ba]
V  [libjvm.so+0x209518]
V  [libjvm.so+0x253cdb]
V  [libjvm.so+0x3bb28c]
V  [libjvm.so+0x3bb352]
V  [libjvm.so+0x310f31]
C  [libpthread.so.0+0x5cc9]


---------------  P R O C E S S  ---------------

Java Threads: ( => current thread )
  0x0836ec00 JavaThread "DestroyJavaVM" [_thread_blocked, id=14749, stack(0xb770e000,0xb775f000)]
=>0x08461400 JavaThread "Thread-0" [_thread_in_Java, id=14760, stack(0xb4d7d000,0xb4dce000)]
  0x083aa400 JavaThread "Low Memory Detector" daemon [_thread_blocked, id=14758, stack(0xb4e7a000,0xb4ecb000)]
  0x083a8400 JavaThread "CompilerThread0" daemon [_thread_blocked, id=14757, stack(0xb4ecb000,0xb4f4c000)]
  0x083a6800 JavaThread "Signal Dispatcher" daemon [_thread_blocked, id=14756, stack(0xb4f4c000,0xb4f9d000)]
  0x0839f400 JavaThread "Finalizer" daemon [_thread_blocked, id=14755, stack(0xb519d000,0xb51ee000)]
  0x0839dc00 JavaThread "Reference Handler" daemon [_thread_blocked, id=14754, stack(0xb51ee000,0xb523f000)]

Other Threads:
  0x0839bc00 VMThread [stack: 0xb523f000,0xb52c0000] [id=14753]
  0x083b6000 WatcherThread [stack: 0xb4df9000,0xb4e7a000] [id=14759]

VM state:not at safepoint (normal execution)

VM Mutex/Monitor currently owned by a thread: None

Heap
 def new generation   total 4928K, used 3204K [0x6f940000, 0x6fe90000, 0x7a3e0000)
  eden space 4416K,  67% used [0x6f940000, 0x6fc24ed0, 0x6fd90000)
  from space 512K,  47% used [0x6fd90000, 0x6fdcc290, 0x6fe10000)
  to   space 512K,   0% used [0x6fe10000, 0x6fe10000, 0x6fe90000)
 tenured generation   total 10944K, used 384K [0x7a3e0000, 0x7ae90000, 0x8f940000)
   the space 10944K,   3% used [0x7a3e0000, 0x7a440318, 0x7a440400, 0x7ae90000)
 compacting perm gen  total 12288K, used 2012K [0x8f940000, 0x90540000, 0x93940000)
   the space 12288K,  16% used [0x8f940000, 0x8fb371e0, 0x8fb37200, 0x90540000)
    ro space 10240K,  73% used [0x93940000, 0x94098620, 0x94098800, 0x94340000)
    rw space 12288K,  60% used [0x94340000, 0x94a80f20, 0x94a81000, 0x94f40000)

Dynamic libraries:
00110000-00132000 r-xp 00000000 08:01 420986     /usr/lib/jvm/java-6-openjdk/jre/lib/i386/libjava.so
00132000-00133000 r--p 00021000 08:01 420986     /usr/lib/jvm/java-6-openjdk/jre/lib/i386/libjava.so
00133000-00135000 rw-p 00022000 08:01 420986     /usr/lib/jvm/java-6-openjdk/jre/lib/i386/libjava.so
00135000-0013b000 r-xp 00000000 08:01 136964     /lib/libnss_compat-2.12.1.so
0013b000-0013c000 r--p 00006000 08:01 136964     /lib/libnss_compat-2.12.1.so
0013c000-0013d000 rw-p 00007000 08:01 136964     /lib/libnss_compat-2.12.1.so
0021e000-00220000 r-xp 00000000 08:01 136960     /lib/libdl-2.12.1.so
00220000-00221000 r--p 00001000 08:01 136960     /lib/libdl-2.12.1.so
00221000-00222000 rw-p 00002000 08:01 136960     /lib/libdl-2.12.1.so
00250000-00257000 r-xp 00000000 08:01 420990     /usr/lib/jvm/java-6-openjdk/jre/lib/i386/libnio.so
00257000-00258000 r--p 00006000 08:01 420990     /usr/lib/jvm/java-6-openjdk/jre/lib/i386/libnio.so
00258000-00259000 rw-p 00007000 08:01 420990     /usr/lib/jvm/java-6-openjdk/jre/lib/i386/libnio.so
002a9000-002b0000 r-xp 00000000 08:01 136973     /lib/librt-2.12.1.so
002b0000-002b1000 r--p 00006000 08:01 136973     /lib/librt-2.12.1.so
002b1000-002b2000 rw-p 00007000 08:01 136973     /lib/librt-2.12.1.so
00509000-0050c000 r-xp 00000000 08:01 420995     /usr/lib/jvm/java-6-openjdk/jre/lib/i386/jli/libjli.so
0050c000-0050d000 r--p 00002000 08:01 420995     /usr/lib/jvm/java-6-openjdk/jre/lib/i386/jli/libjli.so
0050d000-0050e000 rw-p 00003000 08:01 420995     /usr/lib/jvm/java-6-openjdk/jre/lib/i386/jli/libjli.so
006cc000-006e0000 r-xp 00000000 08:01 421022     /usr/lib/jvm/java-6-openjdk/jre/lib/i386/libnet.so
006e0000-006e1000 r--p 00013000 08:01 421022     /usr/lib/jvm/java-6-openjdk/jre/lib/i386/libnet.so
006e1000-006e2000 rw-p 00014000 08:01 421022     /usr/lib/jvm/java-6-openjdk/jre/lib/i386/libnet.so
0074f000-0076b000 r-xp 00000000 08:01 136949     /lib/ld-2.12.1.so
0076b000-0076c000 r--p 0001b000 08:01 136949     /lib/ld-2.12.1.so
0076c000-0076d000 rw-p 0001c000 08:01 136949     /lib/ld-2.12.1.so
00884000-0088a000 r-xp 00000000 08:01 421007     /usr/lib/jvm/java-6-openjdk/jre/lib/i386/native_threads/libhpi.so
0088a000-0088b000 r--p 00005000 08:01 421007     /usr/lib/jvm/java-6-openjdk/jre/lib/i386/native_threads/libhpi.so
0088b000-0088c000 rw-p 00006000 08:01 421007     /usr/lib/jvm/java-6-openjdk/jre/lib/i386/native_threads/libhpi.so
0089c000-008a2000 r-xp 00000000 08:01 420991     /usr/lib/jvm/java-6-openjdk/jre/lib/i386/libzip.so
008a2000-008a3000 r--p 00005000 08:01 420991     /usr/lib/jvm/java-6-openjdk/jre/lib/i386/libzip.so
008a3000-008a4000 rw-p 00006000 08:01 420991     /usr/lib/jvm/java-6-openjdk/jre/lib/i386/libzip.so
008cf000-008da000 r-xp 00000000 08:01 421014     /usr/lib/jvm/java-6-openjdk/jre/lib/i386/libverify.so
008da000-008db000 ---p 0000b000 08:01 421014     /usr/lib/jvm/java-6-openjdk/jre/lib/i386/libverify.so
008db000-008dc000 r--p 0000b000 08:01 421014     /usr/lib/jvm/java-6-openjdk/jre/lib/i386/libverify.so
008dc000-008dd000 rw-p 0000c000 08:01 421014     /usr/lib/jvm/java-6-openjdk/jre/lib/i386/libverify.so
00918000-0092d000 r-xp 00000000 08:01 136971     /lib/libpthread-2.12.1.so
0092d000-0092e000 ---p 00015000 08:01 136971     /lib/libpthread-2.12.1.so
0092e000-0092f000 r--p 00015000 08:01 136971     /lib/libpthread-2.12.1.so
0092f000-00930000 rw-p 00016000 08:01 136971     /lib/libpthread-2.12.1.so
00930000-00932000 rw-p 00000000 00:00 0 
009f0000-009f6000 r-xp 00000000 08:01 421017     /usr/lib/jvm/java-6-openjdk/jre/lib/i386/libmanagement.so
009f6000-009f7000 r--p 00005000 08:01 421017     /usr/lib/jvm/java-6-openjdk/jre/lib/i386/libmanagement.so
009f7000-009f8000 rw-p 00006000 08:01 421017     /usr/lib/jvm/java-6-openjdk/jre/lib/i386/libmanagement.so
00a5e000-00a71000 r-xp 00000000 08:01 136963     /lib/libnsl-2.12.1.so
00a71000-00a72000 r--p 00012000 08:01 136963     /lib/libnsl-2.12.1.so
00a72000-00a73000 rw-p 00013000 08:01 136963     /lib/libnsl-2.12.1.so
00a73000-00a75000 rw-p 00000000 00:00 0 
00ab3000-00abc000 r-xp 00000000 08:01 136968     /lib/libnss_nis-2.12.1.so
00abc000-00abd000 r--p 00008000 08:01 136968     /lib/libnss_nis-2.12.1.so
00abd000-00abe000 rw-p 00009000 08:01 136968     /lib/libnss_nis-2.12.1.so
00c0e000-00c21000 r-xp 00000000 08:01 133550     /lib/libz.so.1.2.3.4
00c21000-00c22000 r--p 00012000 08:01 133550     /lib/libz.so.1.2.3.4
00c22000-00c23000 rw-p 00013000 08:01 133550     /lib/libz.so.1.2.3.4
00cf4000-00d18000 r-xp 00000000 08:01 136961     /lib/libm-2.12.1.so
00d18000-00d19000 r--p 00023000 08:01 136961     /lib/libm-2.12.1.so
00d19000-00d1a000 rw-p 00024000 08:01 136961     /lib/libm-2.12.1.so
00d59000-00d63000 r-xp 00000000 08:01 136966     /lib/libnss_files-2.12.1.so
00d63000-00d64000 r--p 00009000 08:01 136966     /lib/libnss_files-2.12.1.so
00d64000-00d65000 rw-p 0000a000 08:01 136966     /lib/libnss_files-2.12.1.so
00dc1000-00dc2000 r-xp 00000000 00:00 0          [vdso]
00e68000-00fbf000 r-xp 00000000 08:01 136957     /lib/libc-2.12.1.so
00fbf000-00fc1000 r--p 00157000 08:01 136957     /lib/libc-2.12.1.so
00fc1000-00fc2000 rw-p 00159000 08:01 136957     /lib/libc-2.12.1.so
00fc2000-00fc5000 rw-p 00000000 00:00 0 
00fc5000-01418000 r-xp 00000000 08:01 421002     /usr/lib/jvm/java-6-openjdk/jre/lib/i386/client/libjvm.so
01418000-0142f000 r--p 00453000 08:01 421002     /usr/lib/jvm/java-6-openjdk/jre/lib/i386/client/libjvm.so
0142f000-0143c000 rw-p 0046a000 08:01 421002     /usr/lib/jvm/java-6-openjdk/jre/lib/i386/client/libjvm.so
0143c000-01858000 rw-p 00000000 00:00 0 
08048000-08051000 r-xp 00000000 08:01 420955     /usr/lib/jvm/java-6-openjdk/jre/bin/java
08051000-08052000 r--p 00008000 08:01 420955     /usr/lib/jvm/java-6-openjdk/jre/bin/java
08052000-08053000 rw-p 00009000 08:01 420955     /usr/lib/jvm/java-6-openjdk/jre/bin/java
08368000-084b9000 rw-p 00000000 00:00 0          [heap]
6f940000-6fe90000 rw-p 00000000 00:00 0 
6fe90000-7a3e0000 rw-p 00000000 00:00 0 
7a3e0000-7ae90000 rw-p 00000000 00:00 0 
7ae90000-8f940000 rw-p 00000000 00:00 0 
8f940000-90540000 rw-p 00000000 00:00 0 
90540000-93940000 rw-p 00000000 00:00 0 
93940000-94099000 r--s 00001000 08:01 422631     /usr/lib/jvm/java-6-openjdk/jre/lib/i386/client/classes.jsa
94099000-94340000 rw-p 00000000 00:00 0 
94340000-94a81000 rw-p 0075a000 08:01 422631     /usr/lib/jvm/java-6-openjdk/jre/lib/i386/client/classes.jsa
94a81000-94f40000 rw-p 00000000 00:00 0 
94f40000-9503b000 rw-p 00e9b000 08:01 422631     /usr/lib/jvm/java-6-openjdk/jre/lib/i386/client/classes.jsa
9503b000-95340000 rw-p 00000000 00:00 0 
95340000-95348000 r-xs 00f96000 08:01 422631     /usr/lib/jvm/java-6-openjdk/jre/lib/i386/client/classes.jsa
95348000-95740000 rw-p 00000000 00:00 0 
b4b46000-b4b49000 ---p 00000000 00:00 0 
b4b49000-b4b97000 rw-p 00000000 00:00 0 
b4b97000-b4b9a000 ---p 00000000 00:00 0 
b4b9a000-b4be8000 rw-p 00000000 00:00 0 
b4be8000-b4beb000 ---p 00000000 00:00 0 
b4beb000-b4c39000 rw-p 00000000 00:00 0 
b4c39000-b4c3c000 ---p 00000000 00:00 0 
b4c3c000-b4c8a000 rw-p 00000000 00:00 0 
b4c8a000-b4c8d000 ---p 00000000 00:00 0 
b4c8d000-b4cdb000 rw-p 00000000 00:00 0 
b4cdb000-b4cde000 ---p 00000000 00:00 0 
b4cde000-b4d2c000 rw-p 00000000 00:00 0 
b4d2c000-b4d2f000 ---p 00000000 00:00 0 
b4d2f000-b4d7d000 rw-p 00000000 00:00 0 
b4d7d000-b4d80000 ---p 00000000 00:00 0 
b4d80000-b4dce000 rw-p 00000000 00:00 0 
b4dce000-b4dd1000 r--s 00077000 08:01 410364     /usr/lib/jvm/java-6-openjdk/jre/lib/ext/localedata.jar
b4dd1000-b4dd6000 r--s 00035000 08:01 332977     /home/andrea/git/MADneSs_Monitor/MADneSs_Monitor/MADneSs_Monitor_Slave/lib/commons-beanutils-1.9.2.jar
b4dd6000-b4dd8000 r--s 0000d000 08:01 326948     /home/andrea/git/MADneSs_Monitor/MADneSs_Monitor/MADneSs_Monitor_Slave/lib/commons-logging-1.1.1.jar
b4dd8000-b4de6000 r--s 0007f000 08:01 327007     /home/andrea/git/MADneSs_Monitor/MADneSs_Monitor/MADneSs_Monitor_Slave/lib/commons-collections-3.2.1.jar
b4de6000-b4deb000 r--s 00041000 08:01 332947     /home/andrea/git/MADneSs_Monitor/MADneSs_Monitor/MADneSs_Monitor_Slave/lib/commons-lang-2.6.jar
b4deb000-b4dee000 r--s 00024000 08:01 326905     /home/andrea/git/MADneSs_Monitor/MADneSs_Monitor/MADneSs_Monitor_Slave/lib/json-lib-2.4-jdk15.jar
b4dee000-b4df1000 r--s 0000f000 08:01 410368     /usr/lib/jvm/java-6-openjdk/jre/lib/ext/pulse-java.jar
b4df1000-b4df9000 r--s 00066000 08:01 323668     /usr/share/java/gnome-java-bridge.jar
b4df9000-b4dfa000 ---p 00000000 00:00 0 
b4dfa000-b4e7a000 rw-p 00000000 00:00 0 
b4e7a000-b4e7d000 ---p 00000000 00:00 0 
b4e7d000-b4ecb000 rw-p 00000000 00:00 0 
b4ecb000-b4ece000 ---p 00000000 00:00 0 
b4ece000-b4f4c000 rw-p 00000000 00:00 0 
b4f4c000-b4f4f000 ---p 00000000 00:00 0 
b4f4f000-b4f9d000 rw-p 00000000 00:00 0 
b4f9d000-b519d000 r--p 00000000 08:01 5102       /usr/lib/locale/locale-archive
b519d000-b51a0000 ---p 00000000 00:00 0 
b51a0000-b51ee000 rw-p 00000000 00:00 0 
b51ee000-b51f1000 ---p 00000000 00:00 0 
b51f1000-b523f000 rw-p 00000000 00:00 0 
b523f000-b5240000 ---p 00000000 00:00 0 
b5240000-b52c0000 rw-p 00000000 00:00 0 
b52c0000-b52c2000 r--s 0001d000 08:01 410331     /usr/lib/jvm/java-6-openjdk/jre/lib/plugin.jar
b52c2000-b52c7000 r--s 00044000 08:01 410335     /usr/lib/jvm/java-6-openjdk/jre/lib/netx.jar
b52c7000-b52fa000 rw-p 00000000 00:00 0 
b52fa000-b5489000 r--s 038c2000 08:01 421027     /usr/lib/jvm/java-6-openjdk/jre/lib/rt.jar
b5489000-b549d000 rw-p 00000000 00:00 0 
b549d000-b54b7000 rw-p 00000000 00:00 0 
b54b7000-b54bd000 rw-p 00000000 00:00 0 
b54bd000-b5562000 rw-p 00000000 00:00 0 
b5562000-b5565000 rw-p 00000000 00:00 0 
b5565000-b55b7000 rw-p 00000000 00:00 0 
b55b7000-b55bd000 rw-p 00000000 00:00 0 
b55bd000-b5662000 rw-p 00000000 00:00 0 
b5662000-b5668000 rw-p 00000000 00:00 0 
b5668000-b5682000 rw-p 00000000 00:00 0 
b5682000-b5692000 rw-p 00000000 00:00 0 
b5692000-b570e000 rw-p 00000000 00:00 0 
b570e000-b57d6000 rwxp 00000000 00:00 0 
b57d6000-b770e000 rw-p 00000000 00:00 0 
b770e000-b7711000 ---p 00000000 00:00 0 
b7711000-b7762000 rw-p 00000000 00:00 0 
b7762000-b7764000 r--s 0000e000 08:01 324774     /home/andrea/git/MADneSs_Monitor/MADneSs_Monitor/MADneSs_Monitor_Slave/lib/ezmorph-0.9.jar
b7764000-b7765000 r--p 002a1000 08:01 5102       /usr/lib/locale/locale-archive
b7765000-b776d000 rw-s 00000000 08:01 133730     /tmp/hsperfdata_andrea/14746
b776d000-b776e000 rw-p 00000000 00:00 0 
b776e000-b776f000 r--p 00000000 00:00 0 
b776f000-b7771000 rw-p 00000000 00:00 0 
bfc07000-bfc28000 rw-p 00000000 00:00 0          [stack]

VM Arguments:
jvm_args: -Dfile.encoding=UTF-8 
java_command: ippoz.madness.monitor.slave.ExperimentSlave
Launcher Type: SUN_STANDARD

Environment Variables:
PATH=/usr/local/sbin:/usr/local/bin:/usr/sbin:/usr/bin:/sbin:/bin:/usr/games
USERNAME=andrea
LD_LIBRARY_PATH=/usr/lib/jvm/java-6-openjdk/jre/lib/i386/client:/usr/lib/jvm/java-6-openjdk/jre/lib/i386:/usr/lib/jvm/java-6-openjdk/jre/../lib/i386:/usr/lib/jvm/java-6-openjdk/jre/lib/i386/client:/usr/lib/jvm/java-6-openjdk/jre/lib/i386:
SHELL=/bin/bash
DISPLAY=:0.0

Signal Handlers:
SIGSEGV: [libjvm.so+0x3ea1b0], sa_mask[0]=0x7ffbfeff, sa_flags=0x10000004
SIGBUS: [libjvm.so+0x3ea1b0], sa_mask[0]=0x7ffbfeff, sa_flags=0x10000004
SIGFPE: [libjvm.so+0x30d250], sa_mask[0]=0x7ffbfeff, sa_flags=0x10000004
SIGPIPE: [libjvm.so+0x30d250], sa_mask[0]=0x7ffbfeff, sa_flags=0x10000004
SIGXFSZ: [libjvm.so+0x30d250], sa_mask[0]=0x7ffbfeff, sa_flags=0x10000004
SIGILL: [libjvm.so+0x30d250], sa_mask[0]=0x7ffbfeff, sa_flags=0x10000004
SIGUSR1: SIG_DFL, sa_mask[0]=0x00000000, sa_flags=0x00000000
SIGUSR2: [libjvm.so+0x30c900], sa_mask[0]=0x00000004, sa_flags=0x10000004
SIGHUP: [libjvm.so+0x30f470], sa_mask[0]=0x7ffbfeff, sa_flags=0x10000004
SIGINT: [libjvm.so+0x30f470], sa_mask[0]=0x7ffbfeff, sa_flags=0x10000004
SIGTERM: [libjvm.so+0x30f470], sa_mask[0]=0x7ffbfeff, sa_flags=0x10000004
SIGQUIT: [libjvm.so+0x30f470], sa_mask[0]=0x7ffbfeff, sa_flags=0x10000004


---------------  S Y S T E M  ---------------

OS:Ubuntu 10.10 (maverick)
uname:Linux 2.6.35-25-generic #44-Ubuntu SMP Fri Jan 21 17:40:48 UTC 2011 i686
libc:glibc 2.12.1 NPTL 2.12.1 
rlimit: STACK 8192k, CORE 0k, NPROC infinity, NOFILE 1024, AS infinity
load average:1.33 1.27 1.14

/proc/meminfo:
MemTotal:        3613824 kB
MemFree:         2213292 kB
Buffers:           58884 kB
Cached:           861988 kB
SwapCached:            0 kB
Active:           774196 kB
Inactive:         578356 kB
Active(anon):     432740 kB
Inactive(anon):     7064 kB
Active(file):     341456 kB
Inactive(file):   571292 kB
Unevictable:          16 kB
Mlocked:              16 kB
HighTotal:       2760648 kB
HighFree:        1459144 kB
LowTotal:         853176 kB
LowFree:          754148 kB
SwapTotal:        407548 kB
SwapFree:         407548 kB
Dirty:               200 kB
Writeback:             0 kB
AnonPages:        431692 kB
Mapped:            85476 kB
Shmem:              8128 kB
Slab:              29760 kB
SReclaimable:      19536 kB
SUnreclaim:        10224 kB
KernelStack:        2520 kB
PageTables:         5628 kB
NFS_Unstable:          0 kB
Bounce:                0 kB
WritebackTmp:          0 kB
CommitLimit:     2214460 kB
Committed_AS:    1276848 kB
VmallocTotal:     122880 kB
VmallocUsed:       51288 kB
VmallocChunk:      66644 kB
HardwareCorrupted:     0 kB
HugePages_Total:       0
HugePages_Free:        0
HugePages_Rsvd:        0
HugePages_Surp:        0
Hugepagesize:       4096 kB
DirectMap4k:       12280 kB
DirectMap4M:      897024 kB


CPU:total 1 (1 cores per cpu, 1 threads per core) family 6 model 69 stepping 1, cmov, cx8, fxsr, mmx, sse, sse2, sse3, ssse3, sse4.1, sse4.2, popcnt

Memory: 4k page, physical 3613824k(2213292k free), swap 407548k(407548k free)

vm_info: OpenJDK Client VM (19.0-b09) for linux-x86 JRE (1.6.0_20-b20), built on Feb 23 2011 09:10:41 by "buildd" with gcc 4.4.5

time: Fri May 12 12:46:35 2017
elapsed time: 77 seconds

