#
# A fatal error has been detected by the Java Runtime Environment:
#
#  SIGSEGV (0xb) at pc=0x00eba825, pid=9498, tid=3035417456
#
# JRE version: 6.0_20-b20
# Java VM: OpenJDK Client VM (19.0-b09 mixed mode, sharing linux-x86 )
# Derivative: IcedTea6 1.9.7
# Distribution: Ubuntu 10.10, package 6b20-1.9.7-0ubuntu1
# Problematic frame:
# V  [libjvm.so+0x208825]
#
# If you would like to submit a bug report, please include
# instructions how to reproduce the bug and visit:
#   https://bugs.launchpad.net/ubuntu/+source/openjdk-6/
#

---------------  T H R E A D  ---------------

Current thread (0x098d6400):  JavaThread "Thread-1" [_thread_in_Java, id=9512, stack(0xb4e7c000,0xb4ecd000)]

siginfo:si_signo=SIGSEGV: si_errno=0, si_code=1 (SEGV_MAPERR), si_addr=0x0000096a

Registers:
EAX=0x00000001, EBX=0x0111bff4, ECX=0xb4ecb288, EDX=0xb4ecb290
ESP=0xb4ecb130, EBP=0xb4ecb138, ESI=0x00000000, EDI=0x0000096a
EIP=0x00eba825, CR2=0x0000096a, EFLAGS=0x00010206

Register to memory mapping:

EAX=0x00000001
0x00000001 is pointing to unknown location

EBX=0x0111bff4
0x0111bff4: <offset 0x469ff4> in /usr/lib/jvm/java-6-openjdk/jre/lib/i386/client/libjvm.so at 0x00cb2000

ECX=0xb4ecb288
0xb4ecb288 is pointing into the stack for thread: 0x098d6400
"Thread-1" prio=10 tid=0x098d6400 nid=0x2528 runnable [0x00000000]
   java.lang.Thread.State: RUNNABLE

EDX=0xb4ecb290
0xb4ecb290 is pointing into the stack for thread: 0x098d6400
"Thread-1" prio=10 tid=0x098d6400 nid=0x2528 runnable [0x00000000]
   java.lang.Thread.State: RUNNABLE

ESP=0xb4ecb130
0xb4ecb130 is pointing into the stack for thread: 0x098d6400
"Thread-1" prio=10 tid=0x098d6400 nid=0x2528 runnable [0x00000000]
   java.lang.Thread.State: RUNNABLE

EBP=0xb4ecb138
0xb4ecb138 is pointing into the stack for thread: 0x098d6400
"Thread-1" prio=10 tid=0x098d6400 nid=0x2528 runnable [0x00000000]
   java.lang.Thread.State: RUNNABLE

ESI=0x00000000
0x00000000 is pointing to unknown location

EDI=0x0000096a
0x0000096a is pointing to unknown location


Top of Stack: (sp=0xb4ecb130)
0xb4ecb130:   0983cb8c 098d6400 b4ecb1c8 00ebb913
0xb4ecb140:   b4ecb288 098d6400 00000001 00000001
0xb4ecb150:   00000000 00000006 b4ecb198 b580d301
0xb4ecb160:   0000000a b583f7c0 00fd13b5 b4ecb178
0xb4ecb170:   00000000 00000000 098d6400 098d72f0
0xb4ecb180:   8fa94088 6fc9c8a0 b4ecb4e0 b581708b
0xb4ecb190:   b4ecb518 b4ecb370 098d6400 098d5f58
0xb4ecb1a0:   0983cb30 0983cb94 0983cf24 b4ecb638 

Instructions: (pc=0x00eba825)
0x00eba815:   14 85 00 00 00 00 01 f2 31 f6 8b 3a 85 ff 74 02
0x00eba825:   8b 37 89 32 8b 71 38 40 39 f0 7c d7 8b 41 30 5e 

Stack: [0xb4e7c000,0xb4ecd000],  sp=0xb4ecb130,  free space=316k
Native frames: (J=compiled Java code, j=interpreted, Vv=VM code, C=native code)
V  [libjvm.so+0x208825]
V  [libjvm.so+0x209913]
V  [libjvm.so+0x30a509]
V  [libjvm.so+0x20886f]
V  [libjvm.so+0x214419]
V  [libjvm.so+0x227194]
C  [libjava.so+0x12503]  JNU_NewObjectByName+0xb3
C  [libmanagement.so+0x2acc]  Java_sun_management_Flag_getFlags+0x1fc
j  sun.management.Flag.getFlags([Ljava/lang/String;[Lsun/management/Flag;I)I+0
j  sun.management.Flag.getAllFlags()Ljava/util/List;+12
j  sun.management.HotSpotDiagnostic.getDiagnosticOptions()Ljava/util/List;+0
v  ~StubRoutines::call_stub
V  [libjvm.so+0x209932]
V  [libjvm.so+0x30a509]
V  [libjvm.so+0x20886f]
V  [libjvm.so+0x347541]
V  [libjvm.so+0x348297]
V  [libjvm.so+0x255412]
C  [libjava.so+0x149c2]  Java_sun_reflect_NativeMethodAccessorImpl_invoke0+0x32
j  sun.reflect.NativeMethodAccessorImpl.invoke0(Ljava/lang/reflect/Method;Ljava/lang/Object;[Ljava/lang/Object;)Ljava/lang/Object;+0
j  sun.reflect.NativeMethodAccessorImpl.invoke(Ljava/lang/Object;[Ljava/lang/Object;)Ljava/lang/Object;+87
J  sun.reflect.DelegatingMethodAccessorImpl.invoke(Ljava/lang/Object;[Ljava/lang/Object;)Ljava/lang/Object;
j  ippoz.madness.monitor.slave.probes.mbean.BeanManager.<init>()V+12
j  ippoz.madness.monitor.slave.probes.JMXLocalProbe.<init>(Ljava/lang/String;ILjava/io/File;)V+16
j  ippoz.madness.monitor.slave.SlaveManager.takeAction(Ljava/util/Collection;)V+316
j  ippoz.madness.monitor.slave.SlaveManager.access$1(Lippoz/madness/monitor/slave/SlaveManager;Ljava/util/Collection;)V+2
j  ippoz.madness.monitor.slave.SlaveManager$SlaveListener.run()V+23
j  java.lang.Thread.run()V+11
v  ~StubRoutines::call_stub
V  [libjvm.so+0x209932]
V  [libjvm.so+0x30a509]
V  [libjvm.so+0x20886f]
V  [libjvm.so+0x2093ba]
V  [libjvm.so+0x209518]
V  [libjvm.so+0x253cdb]
V  [libjvm.so+0x3bb28c]
V  [libjvm.so+0x3bb352]
V  [libjvm.so+0x310f31]
C  [libpthread.so.0+0x5cc9]


---------------  P R O C E S S  ---------------

Java Threads: ( => current thread )
  0x097f3c00 JavaThread "DestroyJavaVM" [_thread_blocked, id=9500, stack(0xb780d000,0xb785e000)]
=>0x098d6400 JavaThread "Thread-1" [_thread_in_Java, id=9512, stack(0xb4e7c000,0xb4ecd000)]
  0x0982f000 JavaThread "Low Memory Detector" daemon [_thread_blocked, id=9510, stack(0xb4f79000,0xb4fca000)]
  0x0982d400 JavaThread "CompilerThread0" daemon [_thread_blocked, id=9509, stack(0xb4fca000,0xb504b000)]
  0x0982b800 JavaThread "Signal Dispatcher" daemon [_thread_blocked, id=9508, stack(0xb504b000,0xb509c000)]
  0x09824400 JavaThread "Finalizer" daemon [_thread_blocked, id=9507, stack(0xb529c000,0xb52ed000)]
  0x09822c00 JavaThread "Reference Handler" daemon [_thread_blocked, id=9506, stack(0xb52ed000,0xb533e000)]

Other Threads:
  0x09820c00 VMThread [stack: 0xb533e000,0xb53bf000] [id=9505]
  0x0983b000 WatcherThread [stack: 0xb4ef8000,0xb4f79000] [id=9511]

VM state:not at safepoint (normal execution)

VM Mutex/Monitor currently owned by a thread: None

Heap
 def new generation   total 4928K, used 3774K [0x6f940000, 0x6fe90000, 0x7a3e0000)
  eden space 4416K,  78% used [0x6f940000, 0x6fca3a60, 0x6fd90000)
  from space 512K,  59% used [0x6fe10000, 0x6fe5c070, 0x6fe90000)
  to   space 512K,   0% used [0x6fd90000, 0x6fd90000, 0x6fe10000)
 tenured generation   total 10944K, used 6076K [0x7a3e0000, 0x7ae90000, 0x8f940000)
   the space 10944K,  55% used [0x7a3e0000, 0x7a9cf290, 0x7a9cf400, 0x7ae90000)
 compacting perm gen  total 12288K, used 2077K [0x8f940000, 0x90540000, 0x93940000)
   the space 12288K,  16% used [0x8f940000, 0x8fb475e0, 0x8fb47600, 0x90540000)
    ro space 10240K,  73% used [0x93940000, 0x94098620, 0x94098800, 0x94340000)
    rw space 12288K,  60% used [0x94340000, 0x94a80f20, 0x94a81000, 0x94f40000)

Dynamic libraries:
00110000-00132000 r-xp 00000000 08:01 420986     /usr/lib/jvm/java-6-openjdk/jre/lib/i386/libjava.so
00132000-00133000 r--p 00021000 08:01 420986     /usr/lib/jvm/java-6-openjdk/jre/lib/i386/libjava.so
00133000-00135000 rw-p 00022000 08:01 420986     /usr/lib/jvm/java-6-openjdk/jre/lib/i386/libjava.so
00135000-00148000 r-xp 00000000 08:01 136963     /lib/libnsl-2.12.1.so
00148000-00149000 r--p 00012000 08:01 136963     /lib/libnsl-2.12.1.so
00149000-0014a000 rw-p 00013000 08:01 136963     /lib/libnsl-2.12.1.so
0014a000-0014c000 rw-p 00000000 00:00 0 
0014c000-00152000 r-xp 00000000 08:01 420991     /usr/lib/jvm/java-6-openjdk/jre/lib/i386/libzip.so
00152000-00153000 r--p 00005000 08:01 420991     /usr/lib/jvm/java-6-openjdk/jre/lib/i386/libzip.so
00153000-00154000 rw-p 00006000 08:01 420991     /usr/lib/jvm/java-6-openjdk/jre/lib/i386/libzip.so
00154000-00168000 r-xp 00000000 08:01 421022     /usr/lib/jvm/java-6-openjdk/jre/lib/i386/libnet.so
00168000-00169000 r--p 00013000 08:01 421022     /usr/lib/jvm/java-6-openjdk/jre/lib/i386/libnet.so
00169000-0016a000 rw-p 00014000 08:01 421022     /usr/lib/jvm/java-6-openjdk/jre/lib/i386/libnet.so
0016a000-00170000 r-xp 00000000 08:01 421017     /usr/lib/jvm/java-6-openjdk/jre/lib/i386/libmanagement.so
00170000-00171000 r--p 00005000 08:01 421017     /usr/lib/jvm/java-6-openjdk/jre/lib/i386/libmanagement.so
00171000-00172000 rw-p 00006000 08:01 421017     /usr/lib/jvm/java-6-openjdk/jre/lib/i386/libmanagement.so
001fa000-001fb000 r-xp 00000000 00:00 0          [vdso]
00326000-0032c000 r-xp 00000000 08:01 136964     /lib/libnss_compat-2.12.1.so
0032c000-0032d000 r--p 00006000 08:01 136964     /lib/libnss_compat-2.12.1.so
0032d000-0032e000 rw-p 00007000 08:01 136964     /lib/libnss_compat-2.12.1.so
00333000-0033a000 r-xp 00000000 08:01 136973     /lib/librt-2.12.1.so
0033a000-0033b000 r--p 00006000 08:01 136973     /lib/librt-2.12.1.so
0033b000-0033c000 rw-p 00007000 08:01 136973     /lib/librt-2.12.1.so
00355000-00357000 r-xp 00000000 08:01 136960     /lib/libdl-2.12.1.so
00357000-00358000 r--p 00001000 08:01 136960     /lib/libdl-2.12.1.so
00358000-00359000 rw-p 00002000 08:01 136960     /lib/libdl-2.12.1.so
003fe000-00413000 r-xp 00000000 08:01 136971     /lib/libpthread-2.12.1.so
00413000-00414000 ---p 00015000 08:01 136971     /lib/libpthread-2.12.1.so
00414000-00415000 r--p 00015000 08:01 136971     /lib/libpthread-2.12.1.so
00415000-00416000 rw-p 00016000 08:01 136971     /lib/libpthread-2.12.1.so
00416000-00418000 rw-p 00000000 00:00 0 
0045b000-00466000 r-xp 00000000 08:01 421014     /usr/lib/jvm/java-6-openjdk/jre/lib/i386/libverify.so
00466000-00467000 ---p 0000b000 08:01 421014     /usr/lib/jvm/java-6-openjdk/jre/lib/i386/libverify.so
00467000-00468000 r--p 0000b000 08:01 421014     /usr/lib/jvm/java-6-openjdk/jre/lib/i386/libverify.so
00468000-00469000 rw-p 0000c000 08:01 421014     /usr/lib/jvm/java-6-openjdk/jre/lib/i386/libverify.so
0053f000-00552000 r-xp 00000000 08:01 133550     /lib/libz.so.1.2.3.4
00552000-00553000 r--p 00012000 08:01 133550     /lib/libz.so.1.2.3.4
00553000-00554000 rw-p 00013000 08:01 133550     /lib/libz.so.1.2.3.4
00554000-006ab000 r-xp 00000000 08:01 136957     /lib/libc-2.12.1.so
006ab000-006ad000 r--p 00157000 08:01 136957     /lib/libc-2.12.1.so
006ad000-006ae000 rw-p 00159000 08:01 136957     /lib/libc-2.12.1.so
006ae000-006b1000 rw-p 00000000 00:00 0 
007fa000-007fd000 r-xp 00000000 08:01 420995     /usr/lib/jvm/java-6-openjdk/jre/lib/i386/jli/libjli.so
007fd000-007fe000 r--p 00002000 08:01 420995     /usr/lib/jvm/java-6-openjdk/jre/lib/i386/jli/libjli.so
007fe000-007ff000 rw-p 00003000 08:01 420995     /usr/lib/jvm/java-6-openjdk/jre/lib/i386/jli/libjli.so
008f3000-00917000 r-xp 00000000 08:01 136961     /lib/libm-2.12.1.so
00917000-00918000 r--p 00023000 08:01 136961     /lib/libm-2.12.1.so
00918000-00919000 rw-p 00024000 08:01 136961     /lib/libm-2.12.1.so
00957000-0095d000 r-xp 00000000 08:01 421007     /usr/lib/jvm/java-6-openjdk/jre/lib/i386/native_threads/libhpi.so
0095d000-0095e000 r--p 00005000 08:01 421007     /usr/lib/jvm/java-6-openjdk/jre/lib/i386/native_threads/libhpi.so
0095e000-0095f000 rw-p 00006000 08:01 421007     /usr/lib/jvm/java-6-openjdk/jre/lib/i386/native_threads/libhpi.so
00a74000-00a7e000 r-xp 00000000 08:01 136966     /lib/libnss_files-2.12.1.so
00a7e000-00a7f000 r--p 00009000 08:01 136966     /lib/libnss_files-2.12.1.so
00a7f000-00a80000 rw-p 0000a000 08:01 136966     /lib/libnss_files-2.12.1.so
00b2e000-00b35000 r-xp 00000000 08:01 420990     /usr/lib/jvm/java-6-openjdk/jre/lib/i386/libnio.so
00b35000-00b36000 r--p 00006000 08:01 420990     /usr/lib/jvm/java-6-openjdk/jre/lib/i386/libnio.so
00b36000-00b37000 rw-p 00007000 08:01 420990     /usr/lib/jvm/java-6-openjdk/jre/lib/i386/libnio.so
00bdc000-00be5000 r-xp 00000000 08:01 136968     /lib/libnss_nis-2.12.1.so
00be5000-00be6000 r--p 00008000 08:01 136968     /lib/libnss_nis-2.12.1.so
00be6000-00be7000 rw-p 00009000 08:01 136968     /lib/libnss_nis-2.12.1.so
00c94000-00cb0000 r-xp 00000000 08:01 136949     /lib/ld-2.12.1.so
00cb0000-00cb1000 r--p 0001b000 08:01 136949     /lib/ld-2.12.1.so
00cb1000-00cb2000 rw-p 0001c000 08:01 136949     /lib/ld-2.12.1.so
00cb2000-01105000 r-xp 00000000 08:01 421002     /usr/lib/jvm/java-6-openjdk/jre/lib/i386/client/libjvm.so
01105000-0111c000 r--p 00453000 08:01 421002     /usr/lib/jvm/java-6-openjdk/jre/lib/i386/client/libjvm.so
0111c000-01129000 rw-p 0046a000 08:01 421002     /usr/lib/jvm/java-6-openjdk/jre/lib/i386/client/libjvm.so
01129000-01545000 rw-p 00000000 00:00 0 
08048000-08051000 r-xp 00000000 08:01 420955     /usr/lib/jvm/java-6-openjdk/jre/bin/java
08051000-08052000 r--p 00008000 08:01 420955     /usr/lib/jvm/java-6-openjdk/jre/bin/java
08052000-08053000 rw-p 00009000 08:01 420955     /usr/lib/jvm/java-6-openjdk/jre/bin/java
097ed000-099be000 rw-p 00000000 00:00 0          [heap]
6f940000-6fe90000 rw-p 00000000 00:00 0 
6fe90000-7a3e0000 rw-p 00000000 00:00 0 
7a3e0000-7ae90000 rw-p 00000000 00:00 0 
7ae90000-8f940000 rw-p 00000000 00:00 0 
8f940000-90540000 rw-p 00000000 00:00 0 
90540000-93940000 rw-p 00000000 00:00 0 
93940000-94099000 r--s 00001000 08:01 422631     /usr/lib/jvm/java-6-openjdk/jre/lib/i386/client/classes.jsa
94099000-94340000 rw-p 00000000 00:00 0 
94340000-94a81000 rw-p 0075a000 08:01 422631     /usr/lib/jvm/java-6-openjdk/jre/lib/i386/client/classes.jsa
94a81000-94f40000 rw-p 00000000 00:00 0 
94f40000-9503b000 rw-p 00e9b000 08:01 422631     /usr/lib/jvm/java-6-openjdk/jre/lib/i386/client/classes.jsa
9503b000-95340000 rw-p 00000000 00:00 0 
95340000-95348000 r-xs 00f96000 08:01 422631     /usr/lib/jvm/java-6-openjdk/jre/lib/i386/client/classes.jsa
95348000-95740000 rw-p 00000000 00:00 0 
b4b00000-b4b21000 rw-p 00000000 00:00 0 
b4b21000-b4c00000 ---p 00000000 00:00 0 
b4c45000-b4c48000 ---p 00000000 00:00 0 
b4c48000-b4c96000 rw-p 00000000 00:00 0 
b4c96000-b4c99000 ---p 00000000 00:00 0 
b4c99000-b4ce7000 rw-p 00000000 00:00 0 
b4ce7000-b4cea000 ---p 00000000 00:00 0 
b4cea000-b4d38000 rw-p 00000000 00:00 0 
b4d38000-b4d3b000 ---p 00000000 00:00 0 
b4d3b000-b4d89000 rw-p 00000000 00:00 0 
b4d89000-b4d8c000 ---p 00000000 00:00 0 
b4d8c000-b4dda000 rw-p 00000000 00:00 0 
b4dda000-b4ddd000 ---p 00000000 00:00 0 
b4ddd000-b4e2b000 rw-p 00000000 00:00 0 
b4e2b000-b4e2e000 ---p 00000000 00:00 0 
b4e2e000-b4e7c000 rw-p 00000000 00:00 0 
b4e7c000-b4e7f000 ---p 00000000 00:00 0 
b4e7f000-b4ecd000 rw-p 00000000 00:00 0 
b4ecd000-b4ed0000 r--s 00077000 08:01 410364     /usr/lib/jvm/java-6-openjdk/jre/lib/ext/localedata.jar
b4ed0000-b4ed5000 r--s 00035000 08:01 332977     /home/andrea/git/MADneSs_Monitor/MADneSs_Monitor/MADneSs_Monitor_Slave/lib/commons-beanutils-1.9.2.jar
b4ed5000-b4ed7000 r--s 0000d000 08:01 326948     /home/andrea/git/MADneSs_Monitor/MADneSs_Monitor/MADneSs_Monitor_Slave/lib/commons-logging-1.1.1.jar
b4ed7000-b4ee5000 r--s 0007f000 08:01 327007     /home/andrea/git/MADneSs_Monitor/MADneSs_Monitor/MADneSs_Monitor_Slave/lib/commons-collections-3.2.1.jar
b4ee5000-b4eea000 r--s 00041000 08:01 332947     /home/andrea/git/MADneSs_Monitor/MADneSs_Monitor/MADneSs_Monitor_Slave/lib/commons-lang-2.6.jar
b4eea000-b4eed000 r--s 00024000 08:01 326905     /home/andrea/git/MADneSs_Monitor/MADneSs_Monitor/MADneSs_Monitor_Slave/lib/json-lib-2.4-jdk15.jar
b4eed000-b4ef0000 r--s 0000f000 08:01 410368     /usr/lib/jvm/java-6-openjdk/jre/lib/ext/pulse-java.jar
b4ef0000-b4ef8000 r--s 00066000 08:01 323668     /usr/share/java/gnome-java-bridge.jar
b4ef8000-b4ef9000 ---p 00000000 00:00 0 
b4ef9000-b4f79000 rw-p 00000000 00:00 0 
b4f79000-b4f7c000 ---p 00000000 00:00 0 
b4f7c000-b4fca000 rw-p 00000000 00:00 0 
b4fca000-b4fcd000 ---p 00000000 00:00 0 
b4fcd000-b504b000 rw-p 00000000 00:00 0 
b504b000-b504e000 ---p 00000000 00:00 0 
b504e000-b509c000 rw-p 00000000 00:00 0 
b509c000-b529c000 r--p 00000000 08:01 5102       /usr/lib/locale/locale-archive
b529c000-b529f000 ---p 00000000 00:00 0 
b529f000-b52ed000 rw-p 00000000 00:00 0 
b52ed000-b52f0000 ---p 00000000 00:00 0 
b52f0000-b533e000 rw-p 00000000 00:00 0 
b533e000-b533f000 ---p 00000000 00:00 0 
b533f000-b53bf000 rw-p 00000000 00:00 0 
b53bf000-b53c1000 r--s 0001d000 08:01 410331     /usr/lib/jvm/java-6-openjdk/jre/lib/plugin.jar
b53c1000-b53c6000 r--s 00044000 08:01 410335     /usr/lib/jvm/java-6-openjdk/jre/lib/netx.jar
b53c6000-b53f9000 rw-p 00000000 00:00 0 
b53f9000-b5588000 r--s 038c2000 08:01 421027     /usr/lib/jvm/java-6-openjdk/jre/lib/rt.jar
b5588000-b559c000 rw-p 00000000 00:00 0 
b559c000-b55b6000 rw-p 00000000 00:00 0 
b55b6000-b55bc000 rw-p 00000000 00:00 0 
b55bc000-b5661000 rw-p 00000000 00:00 0 
b5661000-b5664000 rw-p 00000000 00:00 0 
b5664000-b56b6000 rw-p 00000000 00:00 0 
b56b6000-b56bc000 rw-p 00000000 00:00 0 
b56bc000-b5761000 rw-p 00000000 00:00 0 
b5761000-b5767000 rw-p 00000000 00:00 0 
b5767000-b5781000 rw-p 00000000 00:00 0 
b5781000-b5792000 rw-p 00000000 00:00 0 
b5792000-b580d000 rw-p 00000000 00:00 0 
b580d000-b5945000 rwxp 00000000 00:00 0 
b5945000-b780d000 rw-p 00000000 00:00 0 
b780d000-b7810000 ---p 00000000 00:00 0 
b7810000-b7861000 rw-p 00000000 00:00 0 
b7861000-b7863000 r--s 0000e000 08:01 324774     /home/andrea/git/MADneSs_Monitor/MADneSs_Monitor/MADneSs_Monitor_Slave/lib/ezmorph-0.9.jar
b7863000-b7864000 r--p 002a1000 08:01 5102       /usr/lib/locale/locale-archive
b7864000-b786c000 rw-s 00000000 08:01 133935     /tmp/hsperfdata_andrea/9498
b786c000-b786d000 rw-p 00000000 00:00 0 
b786d000-b786e000 r--p 00000000 00:00 0 
b786e000-b7870000 rw-p 00000000 00:00 0 
bff1b000-bff3c000 rw-p 00000000 00:00 0          [stack]

VM Arguments:
jvm_args: -Dfile.encoding=UTF-8 
java_command: ippoz.madness.monitor.slave.ExperimentSlave
Launcher Type: SUN_STANDARD

Environment Variables:
PATH=/usr/local/sbin:/usr/local/bin:/usr/sbin:/usr/bin:/sbin:/bin:/usr/games
USERNAME=andrea
LD_LIBRARY_PATH=/usr/lib/jvm/java-6-openjdk/jre/lib/i386/client:/usr/lib/jvm/java-6-openjdk/jre/lib/i386:/usr/lib/jvm/java-6-openjdk/jre/../lib/i386:/usr/lib/jvm/java-6-openjdk/jre/lib/i386/client:/usr/lib/jvm/java-6-openjdk/jre/lib/i386:
SHELL=/bin/bash
DISPLAY=:0.0

Signal Handlers:
SIGSEGV: [libjvm.so+0x3ea1b0], sa_mask[0]=0x7ffbfeff, sa_flags=0x10000004
SIGBUS: [libjvm.so+0x3ea1b0], sa_mask[0]=0x7ffbfeff, sa_flags=0x10000004
SIGFPE: [libjvm.so+0x30d250], sa_mask[0]=0x7ffbfeff, sa_flags=0x10000004
SIGPIPE: [libjvm.so+0x30d250], sa_mask[0]=0x7ffbfeff, sa_flags=0x10000004
SIGXFSZ: [libjvm.so+0x30d250], sa_mask[0]=0x7ffbfeff, sa_flags=0x10000004
SIGILL: [libjvm.so+0x30d250], sa_mask[0]=0x7ffbfeff, sa_flags=0x10000004
SIGUSR1: SIG_DFL, sa_mask[0]=0x00000000, sa_flags=0x00000000
SIGUSR2: [libjvm.so+0x30c900], sa_mask[0]=0x00000004, sa_flags=0x10000004
SIGHUP: [libjvm.so+0x30f470], sa_mask[0]=0x7ffbfeff, sa_flags=0x10000004
SIGINT: [libjvm.so+0x30f470], sa_mask[0]=0x7ffbfeff, sa_flags=0x10000004
SIGTERM: [libjvm.so+0x30f470], sa_mask[0]=0x7ffbfeff, sa_flags=0x10000004
SIGQUIT: [libjvm.so+0x30f470], sa_mask[0]=0x7ffbfeff, sa_flags=0x10000004


---------------  S Y S T E M  ---------------

OS:Ubuntu 10.10 (maverick)
uname:Linux 2.6.35-25-generic #44-Ubuntu SMP Fri Jan 21 17:40:48 UTC 2011 i686
libc:glibc 2.12.1 NPTL 2.12.1 
rlimit: STACK 8192k, CORE 0k, NPROC infinity, NOFILE 1024, AS infinity
load average:0.54 0.80 0.80

/proc/meminfo:
MemTotal:        3613824 kB
MemFree:         1932168 kB
Buffers:          181496 kB
Cached:           960192 kB
SwapCached:            0 kB
Active:           713416 kB
Inactive:         774132 kB
Active(anon):     347952 kB
Inactive(anon):     7488 kB
Active(file):     365464 kB
Inactive(file):   766644 kB
Unevictable:           0 kB
Mlocked:               0 kB
HighTotal:       2760648 kB
HighFree:        1446868 kB
LowTotal:         853176 kB
LowFree:          485300 kB
SwapTotal:        407548 kB
SwapFree:         407548 kB
Dirty:                28 kB
Writeback:             0 kB
AnonPages:        345856 kB
Mapped:            90036 kB
Shmem:              9584 kB
Slab:             178840 kB
SReclaimable:     168120 kB
SUnreclaim:        10720 kB
KernelStack:        2472 kB
PageTables:         5448 kB
NFS_Unstable:          0 kB
Bounce:                0 kB
WritebackTmp:          0 kB
CommitLimit:     2214460 kB
Committed_AS:    1126256 kB
VmallocTotal:     122880 kB
VmallocUsed:       51288 kB
VmallocChunk:      66340 kB
HardwareCorrupted:     0 kB
HugePages_Total:       0
HugePages_Free:        0
HugePages_Rsvd:        0
HugePages_Surp:        0
Hugepagesize:       4096 kB
DirectMap4k:       12280 kB
DirectMap4M:      897024 kB


CPU:total 1 (1 cores per cpu, 1 threads per core) family 6 model 69 stepping 1, cmov, cx8, fxsr, mmx, sse, sse2, sse3, ssse3, sse4.1, sse4.2, popcnt

Memory: 4k page, physical 3613824k(1932168k free), swap 407548k(407548k free)

vm_info: OpenJDK Client VM (19.0-b09) for linux-x86 JRE (1.6.0_20-b20), built on Feb 23 2011 09:10:41 by "buildd" with gcc 4.4.5

time: Thu May 18 10:56:03 2017
elapsed time: 1183 seconds

