#
# A fatal error has been detected by the Java Runtime Environment:
#
#  SIGSEGV (0xb) at pc=0x01076825, pid=16250, tid=3034532720
#
# JRE version: 6.0_20-b20
# Java VM: OpenJDK Client VM (19.0-b09 mixed mode, sharing linux-x86 )
# Derivative: IcedTea6 1.9.7
# Distribution: Ubuntu 10.10, package 6b20-1.9.7-0ubuntu1
# Problematic frame:
# V  [libjvm.so+0x208825]
#
# If you would like to submit a bug report, please include
# instructions how to reproduce the bug and visit:
#   https://bugs.launchpad.net/ubuntu/+source/openjdk-6/
#

---------------  T H R E A D  ---------------

Current thread (0x0999e800):  JavaThread "Thread-1" [_thread_in_Java, id=16264, stack(0xb4da4000,0xb4df5000)]

siginfo:si_signo=SIGSEGV: si_errno=0, si_code=1 (SEGV_MAPERR), si_addr=0x0000000c

Registers:
EAX=0x00000002, EBX=0x012d7ff4, ECX=0xb4df32a8, EDX=0xb4df32b4
ESP=0xb4df3150, EBP=0xb4df3158, ESI=0x00000000, EDI=0x0000000c
EIP=0x01076825, CR2=0x0000000c, EFLAGS=0x00010206

Register to memory mapping:

EAX=0x00000002
0x00000002 is pointing to unknown location

EBX=0x012d7ff4
0x012d7ff4: <offset 0x469ff4> in /usr/lib/jvm/java-6-openjdk/jre/lib/i386/client/libjvm.so at 0x00e6e000

ECX=0xb4df32a8
0xb4df32a8 is pointing into the stack for thread: 0x0999e800
"Thread-1" prio=10 tid=0x0999e800 nid=0x3f88 runnable [0x00000000]
   java.lang.Thread.State: RUNNABLE

EDX=0xb4df32b4
0xb4df32b4 is pointing into the stack for thread: 0x0999e800
"Thread-1" prio=10 tid=0x0999e800 nid=0x3f88 runnable [0x00000000]
   java.lang.Thread.State: RUNNABLE

ESP=0xb4df3150
0xb4df3150 is pointing into the stack for thread: 0x0999e800
"Thread-1" prio=10 tid=0x0999e800 nid=0x3f88 runnable [0x00000000]
   java.lang.Thread.State: RUNNABLE

EBP=0xb4df3158
0xb4df3158 is pointing into the stack for thread: 0x0999e800
"Thread-1" prio=10 tid=0x0999e800 nid=0x3f88 runnable [0x00000000]
   java.lang.Thread.State: RUNNABLE

ESI=0x00000000
0x00000000 is pointing to unknown location

EDI=0x0000000c
0x0000000c is pointing to unknown location


Top of Stack: (sp=0xb4df3150)
0xb4df3150:   098f4b74 0999e800 b4df31e8 01077913
0xb4df3160:   b4df32a8 0999e800 00000001 00000001
0xb4df3170:   00000000 00000006 b4df31b8 b5735301
0xb4df3180:   0000000a b573e370 00fd13b5 b4df3198
0xb4df3190:   00000000 00000000 0999e800 098acd40
0xb4df31a0:   8fa94598 6fa19998 b4df3500 b573f08b
0xb4df31b0:   b4df3538 b4df3390 0999e800 0999e430
0xb4df31c0:   098f4b18 098f4b7c 098f4f0c b4df3658 

Instructions: (pc=0x01076825)
0x01076815:   14 85 00 00 00 00 01 f2 31 f6 8b 3a 85 ff 74 02
0x01076825:   8b 37 89 32 8b 71 38 40 39 f0 7c d7 8b 41 30 5e 

Stack: [0xb4da4000,0xb4df5000],  sp=0xb4df3150,  free space=316k
Native frames: (J=compiled Java code, j=interpreted, Vv=VM code, C=native code)
V  [libjvm.so+0x208825]
V  [libjvm.so+0x209913]
V  [libjvm.so+0x30a509]
V  [libjvm.so+0x20886f]
V  [libjvm.so+0x214419]
V  [libjvm.so+0x227194]
C  [libjava.so+0x12503]  JNU_NewObjectByName+0xb3
C  [libmanagement.so+0x2acc]  Java_sun_management_Flag_getFlags+0x1fc
j  sun.management.Flag.getFlags([Ljava/lang/String;[Lsun/management/Flag;I)I+0
j  sun.management.Flag.getAllFlags()Ljava/util/List;+12
j  sun.management.HotSpotDiagnostic.getDiagnosticOptions()Ljava/util/List;+0
v  ~StubRoutines::call_stub
V  [libjvm.so+0x209932]
V  [libjvm.so+0x30a509]
V  [libjvm.so+0x20886f]
V  [libjvm.so+0x347541]
V  [libjvm.so+0x348297]
V  [libjvm.so+0x255412]
C  [libjava.so+0x149c2]  Java_sun_reflect_NativeMethodAccessorImpl_invoke0+0x32
j  sun.reflect.NativeMethodAccessorImpl.invoke0(Ljava/lang/reflect/Method;Ljava/lang/Object;[Ljava/lang/Object;)Ljava/lang/Object;+0
j  sun.reflect.NativeMethodAccessorImpl.invoke(Ljava/lang/Object;[Ljava/lang/Object;)Ljava/lang/Object;+87
j  sun.reflect.DelegatingMethodAccessorImpl.invoke(Ljava/lang/Object;[Ljava/lang/Object;)Ljava/lang/Object;+6
j  java.lang.reflect.Method.invoke(Ljava/lang/Object;[Ljava/lang/Object;)Ljava/lang/Object;+161
j  com.sun.jmx.mbeanserver.ConvertingMethod.invokeWithOpenReturn(Lcom/sun/jmx/mbeanserver/MXBeanLookup;Ljava/lang/Object;[Ljava/lang/Object;)Ljava/lang/Object;+66
j  com.sun.jmx.mbeanserver.MXBeanIntrospector.invokeM2(Lcom/sun/jmx/mbeanserver/ConvertingMethod;Ljava/lang/Object;[Ljava/lang/Object;Ljava/lang/Object;)Ljava/lang/Object;+8
j  com.sun.jmx.mbeanserver.MXBeanIntrospector.invokeM2(Ljava/lang/Object;Ljava/lang/Object;[Ljava/lang/Object;Ljava/lang/Object;)Ljava/lang/Object;+9
j  com.sun.jmx.mbeanserver.MBeanIntrospector.invokeM(Ljava/lang/Object;Ljava/lang/Object;[Ljava/lang/Object;Ljava/lang/Object;)Ljava/lang/Object;+6
j  com.sun.jmx.mbeanserver.PerInterface.getAttribute(Ljava/lang/Object;Ljava/lang/String;Ljava/lang/Object;)Ljava/lang/Object;+97
j  com.sun.jmx.mbeanserver.MBeanSupport.getAttribute(Ljava/lang/String;)Ljava/lang/Object;+13
j  javax.management.StandardMBean.getAttribute(Ljava/lang/String;)Ljava/lang/Object;+5
j  com.sun.jmx.interceptor.DefaultMBeanServerInterceptor.getAttribute(Ljavax/management/ObjectName;Ljava/lang/String;)Ljava/lang/Object;+125
j  com.sun.jmx.mbeanserver.JmxMBeanServer.getAttribute(Ljavax/management/ObjectName;Ljava/lang/String;)Ljava/lang/Object;+10
j  ippoz.madness.monitor.slave.probes.mbean.BeanManager.loadDefaultBeans()V+105
j  ippoz.madness.monitor.slave.probes.mbean.BeanManager.<init>()V+12
j  ippoz.madness.monitor.slave.probes.JMXLocalProbe.<init>(Ljava/lang/String;ILjava/io/File;)V+16
j  ippoz.madness.monitor.slave.SlaveManager.takeAction(Ljava/util/Collection;)V+316
j  ippoz.madness.monitor.slave.SlaveManager.access$1(Lippoz/madness/monitor/slave/SlaveManager;Ljava/util/Collection;)V+2
j  ippoz.madness.monitor.slave.SlaveManager$SlaveListener.run()V+23
j  java.lang.Thread.run()V+11
v  ~StubRoutines::call_stub
V  [libjvm.so+0x209932]
V  [libjvm.so+0x30a509]
V  [libjvm.so+0x20886f]
V  [libjvm.so+0x2093ba]
V  [libjvm.so+0x209518]
V  [libjvm.so+0x253cdb]
V  [libjvm.so+0x3bb28c]
V  [libjvm.so+0x3bb352]
V  [libjvm.so+0x310f31]
C  [libpthread.so.0+0x5cc9]


---------------  P R O C E S S  ---------------

Java Threads: ( => current thread )
  0x098abc00 JavaThread "DestroyJavaVM" [_thread_blocked, id=16253, stack(0xb7735000,0xb7786000)]
=>0x0999e800 JavaThread "Thread-1" [_thread_in_Java, id=16264, stack(0xb4da4000,0xb4df5000)]
  0x098e7400 JavaThread "Low Memory Detector" daemon [_thread_blocked, id=16262, stack(0xb4ea1000,0xb4ef2000)]
  0x098e5400 JavaThread "CompilerThread0" daemon [_thread_blocked, id=16261, stack(0xb4ef2000,0xb4f73000)]
  0x098e3800 JavaThread "Signal Dispatcher" daemon [_thread_blocked, id=16260, stack(0xb4f73000,0xb4fc4000)]
  0x098dc400 JavaThread "Finalizer" daemon [_thread_blocked, id=16259, stack(0xb51c4000,0xb5215000)]
  0x098dac00 JavaThread "Reference Handler" daemon [_thread_blocked, id=16258, stack(0xb5215000,0xb5266000)]

Other Threads:
  0x098d8c00 VMThread [stack: 0xb5266000,0xb52e7000] [id=16257]
  0x098f3000 WatcherThread [stack: 0xb4e20000,0xb4ea1000] [id=16263]

VM state:not at safepoint (normal execution)

VM Mutex/Monitor currently owned by a thread: None

Heap
 def new generation   total 4928K, used 1078K [0x6f940000, 0x6fe90000, 0x7a3e0000)
  eden space 4416K,  20% used [0x6f940000, 0x6fa1e270, 0x6fd90000)
  from space 512K,  36% used [0x6fd90000, 0x6fdbf5b8, 0x6fe10000)
  to   space 512K,   0% used [0x6fe10000, 0x6fe10000, 0x6fe90000)
 tenured generation   total 10944K, used 520K [0x7a3e0000, 0x7ae90000, 0x8f940000)
   the space 10944K,   4% used [0x7a3e0000, 0x7a462098, 0x7a462200, 0x7ae90000)
 compacting perm gen  total 12288K, used 2019K [0x8f940000, 0x90540000, 0x93940000)
   the space 12288K,  16% used [0x8f940000, 0x8fb38f58, 0x8fb39000, 0x90540000)
    ro space 10240K,  73% used [0x93940000, 0x94098620, 0x94098800, 0x94340000)
    rw space 12288K,  60% used [0x94340000, 0x94a80f20, 0x94a81000, 0x94f40000)

Dynamic libraries:
00110000-00267000 r-xp 00000000 08:01 136957     /lib/libc-2.12.1.so
00267000-00269000 r--p 00157000 08:01 136957     /lib/libc-2.12.1.so
00269000-0026a000 rw-p 00159000 08:01 136957     /lib/libc-2.12.1.so
0026a000-0026d000 rw-p 00000000 00:00 0 
0026d000-00278000 r-xp 00000000 08:01 421014     /usr/lib/jvm/java-6-openjdk/jre/lib/i386/libverify.so
00278000-00279000 ---p 0000b000 08:01 421014     /usr/lib/jvm/java-6-openjdk/jre/lib/i386/libverify.so
00279000-0027a000 r--p 0000b000 08:01 421014     /usr/lib/jvm/java-6-openjdk/jre/lib/i386/libverify.so
0027a000-0027b000 rw-p 0000c000 08:01 421014     /usr/lib/jvm/java-6-openjdk/jre/lib/i386/libverify.so
0027b000-00281000 r-xp 00000000 08:01 421007     /usr/lib/jvm/java-6-openjdk/jre/lib/i386/native_threads/libhpi.so
00281000-00282000 r--p 00005000 08:01 421007     /usr/lib/jvm/java-6-openjdk/jre/lib/i386/native_threads/libhpi.so
00282000-00283000 rw-p 00006000 08:01 421007     /usr/lib/jvm/java-6-openjdk/jre/lib/i386/native_threads/libhpi.so
00283000-00289000 r-xp 00000000 08:01 420991     /usr/lib/jvm/java-6-openjdk/jre/lib/i386/libzip.so
00289000-0028a000 r--p 00005000 08:01 420991     /usr/lib/jvm/java-6-openjdk/jre/lib/i386/libzip.so
0028a000-0028b000 rw-p 00006000 08:01 420991     /usr/lib/jvm/java-6-openjdk/jre/lib/i386/libzip.so
0028b000-0029f000 r-xp 00000000 08:01 421022     /usr/lib/jvm/java-6-openjdk/jre/lib/i386/libnet.so
0029f000-002a0000 r--p 00013000 08:01 421022     /usr/lib/jvm/java-6-openjdk/jre/lib/i386/libnet.so
002a0000-002a1000 rw-p 00014000 08:01 421022     /usr/lib/jvm/java-6-openjdk/jre/lib/i386/libnet.so
00455000-0045b000 r-xp 00000000 08:01 136964     /lib/libnss_compat-2.12.1.so
0045b000-0045c000 r--p 00006000 08:01 136964     /lib/libnss_compat-2.12.1.so
0045c000-0045d000 rw-p 00007000 08:01 136964     /lib/libnss_compat-2.12.1.so
004ce000-004f0000 r-xp 00000000 08:01 420986     /usr/lib/jvm/java-6-openjdk/jre/lib/i386/libjava.so
004f0000-004f1000 r--p 00021000 08:01 420986     /usr/lib/jvm/java-6-openjdk/jre/lib/i386/libjava.so
004f1000-004f3000 rw-p 00022000 08:01 420986     /usr/lib/jvm/java-6-openjdk/jre/lib/i386/libjava.so
0051a000-0051d000 r-xp 00000000 08:01 420995     /usr/lib/jvm/java-6-openjdk/jre/lib/i386/jli/libjli.so
0051d000-0051e000 r--p 00002000 08:01 420995     /usr/lib/jvm/java-6-openjdk/jre/lib/i386/jli/libjli.so
0051e000-0051f000 rw-p 00003000 08:01 420995     /usr/lib/jvm/java-6-openjdk/jre/lib/i386/jli/libjli.so
00871000-00884000 r-xp 00000000 08:01 133550     /lib/libz.so.1.2.3.4
00884000-00885000 r--p 00012000 08:01 133550     /lib/libz.so.1.2.3.4
00885000-00886000 rw-p 00013000 08:01 133550     /lib/libz.so.1.2.3.4
00895000-00896000 r-xp 00000000 00:00 0          [vdso]
008cb000-008d2000 r-xp 00000000 08:01 420990     /usr/lib/jvm/java-6-openjdk/jre/lib/i386/libnio.so
008d2000-008d3000 r--p 00006000 08:01 420990     /usr/lib/jvm/java-6-openjdk/jre/lib/i386/libnio.so
008d3000-008d4000 rw-p 00007000 08:01 420990     /usr/lib/jvm/java-6-openjdk/jre/lib/i386/libnio.so
00a11000-00a1a000 r-xp 00000000 08:01 136968     /lib/libnss_nis-2.12.1.so
00a1a000-00a1b000 r--p 00008000 08:01 136968     /lib/libnss_nis-2.12.1.so
00a1b000-00a1c000 rw-p 00009000 08:01 136968     /lib/libnss_nis-2.12.1.so
00ab0000-00ac3000 r-xp 00000000 08:01 136963     /lib/libnsl-2.12.1.so
00ac3000-00ac4000 r--p 00012000 08:01 136963     /lib/libnsl-2.12.1.so
00ac4000-00ac5000 rw-p 00013000 08:01 136963     /lib/libnsl-2.12.1.so
00ac5000-00ac7000 rw-p 00000000 00:00 0 
00c0b000-00c11000 r-xp 00000000 08:01 421017     /usr/lib/jvm/java-6-openjdk/jre/lib/i386/libmanagement.so
00c11000-00c12000 r--p 00005000 08:01 421017     /usr/lib/jvm/java-6-openjdk/jre/lib/i386/libmanagement.so
00c12000-00c13000 rw-p 00006000 08:01 421017     /usr/lib/jvm/java-6-openjdk/jre/lib/i386/libmanagement.so
00c18000-00c2d000 r-xp 00000000 08:01 136971     /lib/libpthread-2.12.1.so
00c2d000-00c2e000 ---p 00015000 08:01 136971     /lib/libpthread-2.12.1.so
00c2e000-00c2f000 r--p 00015000 08:01 136971     /lib/libpthread-2.12.1.so
00c2f000-00c30000 rw-p 00016000 08:01 136971     /lib/libpthread-2.12.1.so
00c30000-00c32000 rw-p 00000000 00:00 0 
00cf1000-00cf8000 r-xp 00000000 08:01 136973     /lib/librt-2.12.1.so
00cf8000-00cf9000 r--p 00006000 08:01 136973     /lib/librt-2.12.1.so
00cf9000-00cfa000 rw-p 00007000 08:01 136973     /lib/librt-2.12.1.so
00d45000-00d4f000 r-xp 00000000 08:01 136966     /lib/libnss_files-2.12.1.so
00d4f000-00d50000 r--p 00009000 08:01 136966     /lib/libnss_files-2.12.1.so
00d50000-00d51000 rw-p 0000a000 08:01 136966     /lib/libnss_files-2.12.1.so
00d62000-00d86000 r-xp 00000000 08:01 136961     /lib/libm-2.12.1.so
00d86000-00d87000 r--p 00023000 08:01 136961     /lib/libm-2.12.1.so
00d87000-00d88000 rw-p 00024000 08:01 136961     /lib/libm-2.12.1.so
00e43000-00e45000 r-xp 00000000 08:01 136960     /lib/libdl-2.12.1.so
00e45000-00e46000 r--p 00001000 08:01 136960     /lib/libdl-2.12.1.so
00e46000-00e47000 rw-p 00002000 08:01 136960     /lib/libdl-2.12.1.so
00e50000-00e6c000 r-xp 00000000 08:01 136949     /lib/ld-2.12.1.so
00e6c000-00e6d000 r--p 0001b000 08:01 136949     /lib/ld-2.12.1.so
00e6d000-00e6e000 rw-p 0001c000 08:01 136949     /lib/ld-2.12.1.so
00e6e000-012c1000 r-xp 00000000 08:01 421002     /usr/lib/jvm/java-6-openjdk/jre/lib/i386/client/libjvm.so
012c1000-012d8000 r--p 00453000 08:01 421002     /usr/lib/jvm/java-6-openjdk/jre/lib/i386/client/libjvm.so
012d8000-012e5000 rw-p 0046a000 08:01 421002     /usr/lib/jvm/java-6-openjdk/jre/lib/i386/client/libjvm.so
012e5000-01701000 rw-p 00000000 00:00 0 
08048000-08051000 r-xp 00000000 08:01 420955     /usr/lib/jvm/java-6-openjdk/jre/bin/java
08051000-08052000 r--p 00008000 08:01 420955     /usr/lib/jvm/java-6-openjdk/jre/bin/java
08052000-08053000 rw-p 00009000 08:01 420955     /usr/lib/jvm/java-6-openjdk/jre/bin/java
098a5000-09a16000 rw-p 00000000 00:00 0          [heap]
6f940000-6fe90000 rw-p 00000000 00:00 0 
6fe90000-7a3e0000 rw-p 00000000 00:00 0 
7a3e0000-7ae90000 rw-p 00000000 00:00 0 
7ae90000-8f940000 rw-p 00000000 00:00 0 
8f940000-90540000 rw-p 00000000 00:00 0 
90540000-93940000 rw-p 00000000 00:00 0 
93940000-94099000 r--s 00001000 08:01 422631     /usr/lib/jvm/java-6-openjdk/jre/lib/i386/client/classes.jsa
94099000-94340000 rw-p 00000000 00:00 0 
94340000-94a81000 rw-p 0075a000 08:01 422631     /usr/lib/jvm/java-6-openjdk/jre/lib/i386/client/classes.jsa
94a81000-94f40000 rw-p 00000000 00:00 0 
94f40000-9503b000 rw-p 00e9b000 08:01 422631     /usr/lib/jvm/java-6-openjdk/jre/lib/i386/client/classes.jsa
9503b000-95340000 rw-p 00000000 00:00 0 
95340000-95348000 r-xs 00f96000 08:01 422631     /usr/lib/jvm/java-6-openjdk/jre/lib/i386/client/classes.jsa
95348000-95740000 rw-p 00000000 00:00 0 
b4b6d000-b4b70000 ---p 00000000 00:00 0 
b4b70000-b4bbe000 rw-p 00000000 00:00 0 
b4bbe000-b4bc1000 ---p 00000000 00:00 0 
b4bc1000-b4c0f000 rw-p 00000000 00:00 0 
b4c0f000-b4c12000 ---p 00000000 00:00 0 
b4c12000-b4c60000 rw-p 00000000 00:00 0 
b4c60000-b4c63000 ---p 00000000 00:00 0 
b4c63000-b4cb1000 rw-p 00000000 00:00 0 
b4cb1000-b4cb4000 ---p 00000000 00:00 0 
b4cb4000-b4d02000 rw-p 00000000 00:00 0 
b4d02000-b4d05000 ---p 00000000 00:00 0 
b4d05000-b4d53000 rw-p 00000000 00:00 0 
b4d53000-b4d56000 ---p 00000000 00:00 0 
b4d56000-b4da4000 rw-p 00000000 00:00 0 
b4da4000-b4da7000 ---p 00000000 00:00 0 
b4da7000-b4df5000 rw-p 00000000 00:00 0 
b4df5000-b4df8000 r--s 00077000 08:01 410364     /usr/lib/jvm/java-6-openjdk/jre/lib/ext/localedata.jar
b4df8000-b4dfd000 r--s 00035000 08:01 332977     /home/andrea/git/MADneSs_Monitor/MADneSs_Monitor/MADneSs_Monitor_Slave/lib/commons-beanutils-1.9.2.jar
b4dfd000-b4dff000 r--s 0000d000 08:01 326948     /home/andrea/git/MADneSs_Monitor/MADneSs_Monitor/MADneSs_Monitor_Slave/lib/commons-logging-1.1.1.jar
b4dff000-b4e0d000 r--s 0007f000 08:01 327007     /home/andrea/git/MADneSs_Monitor/MADneSs_Monitor/MADneSs_Monitor_Slave/lib/commons-collections-3.2.1.jar
b4e0d000-b4e12000 r--s 00041000 08:01 332947     /home/andrea/git/MADneSs_Monitor/MADneSs_Monitor/MADneSs_Monitor_Slave/lib/commons-lang-2.6.jar
b4e12000-b4e15000 r--s 00024000 08:01 326905     /home/andrea/git/MADneSs_Monitor/MADneSs_Monitor/MADneSs_Monitor_Slave/lib/json-lib-2.4-jdk15.jar
b4e15000-b4e18000 r--s 0000f000 08:01 410368     /usr/lib/jvm/java-6-openjdk/jre/lib/ext/pulse-java.jar
b4e18000-b4e20000 r--s 00066000 08:01 323668     /usr/share/java/gnome-java-bridge.jar
b4e20000-b4e21000 ---p 00000000 00:00 0 
b4e21000-b4ea1000 rw-p 00000000 00:00 0 
b4ea1000-b4ea4000 ---p 00000000 00:00 0 
b4ea4000-b4ef2000 rw-p 00000000 00:00 0 
b4ef2000-b4ef5000 ---p 00000000 00:00 0 
b4ef5000-b4f73000 rw-p 00000000 00:00 0 
b4f73000-b4f76000 ---p 00000000 00:00 0 
b4f76000-b4fc4000 rw-p 00000000 00:00 0 
b4fc4000-b51c4000 r--p 00000000 08:01 5102       /usr/lib/locale/locale-archive
b51c4000-b51c7000 ---p 00000000 00:00 0 
b51c7000-b5215000 rw-p 00000000 00:00 0 
b5215000-b5218000 ---p 00000000 00:00 0 
b5218000-b5266000 rw-p 00000000 00:00 0 
b5266000-b5267000 ---p 00000000 00:00 0 
b5267000-b52e7000 rw-p 00000000 00:00 0 
b52e7000-b52e9000 r--s 0001d000 08:01 410331     /usr/lib/jvm/java-6-openjdk/jre/lib/plugin.jar
b52e9000-b52ee000 r--s 00044000 08:01 410335     /usr/lib/jvm/java-6-openjdk/jre/lib/netx.jar
b52ee000-b5321000 rw-p 00000000 00:00 0 
b5321000-b54b0000 r--s 038c2000 08:01 421027     /usr/lib/jvm/java-6-openjdk/jre/lib/rt.jar
b54b0000-b54c4000 rw-p 00000000 00:00 0 
b54c4000-b54de000 rw-p 00000000 00:00 0 
b54de000-b54e4000 rw-p 00000000 00:00 0 
b54e4000-b5589000 rw-p 00000000 00:00 0 
b5589000-b558c000 rw-p 00000000 00:00 0 
b558c000-b55de000 rw-p 00000000 00:00 0 
b55de000-b55e4000 rw-p 00000000 00:00 0 
b55e4000-b5689000 rw-p 00000000 00:00 0 
b5689000-b568f000 rw-p 00000000 00:00 0 
b568f000-b56a9000 rw-p 00000000 00:00 0 
b56a9000-b56b9000 rw-p 00000000 00:00 0 
b56b9000-b5735000 rw-p 00000000 00:00 0 
b5735000-b580d000 rwxp 00000000 00:00 0 
b580d000-b7735000 rw-p 00000000 00:00 0 
b7735000-b7738000 ---p 00000000 00:00 0 
b7738000-b7789000 rw-p 00000000 00:00 0 
b7789000-b778b000 r--s 0000e000 08:01 324774     /home/andrea/git/MADneSs_Monitor/MADneSs_Monitor/MADneSs_Monitor_Slave/lib/ezmorph-0.9.jar
b778b000-b778c000 r--p 002a1000 08:01 5102       /usr/lib/locale/locale-archive
b778c000-b7794000 rw-s 00000000 08:01 133945     /tmp/hsperfdata_andrea/16250
b7794000-b7795000 rw-p 00000000 00:00 0 
b7795000-b7796000 r--p 00000000 00:00 0 
b7796000-b7798000 rw-p 00000000 00:00 0 
bfe6e000-bfe8f000 rw-p 00000000 00:00 0          [stack]

VM Arguments:
jvm_args: -Dfile.encoding=UTF-8 
java_command: ippoz.madness.monitor.slave.ExperimentSlave
Launcher Type: SUN_STANDARD

Environment Variables:
PATH=/usr/local/sbin:/usr/local/bin:/usr/sbin:/usr/bin:/sbin:/bin:/usr/games
USERNAME=andrea
LD_LIBRARY_PATH=/usr/lib/jvm/java-6-openjdk/jre/lib/i386/client:/usr/lib/jvm/java-6-openjdk/jre/lib/i386:/usr/lib/jvm/java-6-openjdk/jre/../lib/i386:/usr/lib/jvm/java-6-openjdk/jre/lib/i386/client:/usr/lib/jvm/java-6-openjdk/jre/lib/i386:
SHELL=/bin/bash
DISPLAY=:0.0

Signal Handlers:
SIGSEGV: [libjvm.so+0x3ea1b0], sa_mask[0]=0x7ffbfeff, sa_flags=0x10000004
SIGBUS: [libjvm.so+0x3ea1b0], sa_mask[0]=0x7ffbfeff, sa_flags=0x10000004
SIGFPE: [libjvm.so+0x30d250], sa_mask[0]=0x7ffbfeff, sa_flags=0x10000004
SIGPIPE: [libjvm.so+0x30d250], sa_mask[0]=0x7ffbfeff, sa_flags=0x10000004
SIGXFSZ: [libjvm.so+0x30d250], sa_mask[0]=0x7ffbfeff, sa_flags=0x10000004
SIGILL: [libjvm.so+0x30d250], sa_mask[0]=0x7ffbfeff, sa_flags=0x10000004
SIGUSR1: SIG_DFL, sa_mask[0]=0x00000000, sa_flags=0x00000000
SIGUSR2: [libjvm.so+0x30c900], sa_mask[0]=0x00000004, sa_flags=0x10000004
SIGHUP: [libjvm.so+0x30f470], sa_mask[0]=0x7ffbfeff, sa_flags=0x10000004
SIGINT: [libjvm.so+0x30f470], sa_mask[0]=0x7ffbfeff, sa_flags=0x10000004
SIGTERM: [libjvm.so+0x30f470], sa_mask[0]=0x7ffbfeff, sa_flags=0x10000004
SIGQUIT: [libjvm.so+0x30f470], sa_mask[0]=0x7ffbfeff, sa_flags=0x10000004


---------------  S Y S T E M  ---------------

OS:Ubuntu 10.10 (maverick)
uname:Linux 2.6.35-25-generic #44-Ubuntu SMP Fri Jan 21 17:40:48 UTC 2011 i686
libc:glibc 2.12.1 NPTL 2.12.1 
rlimit: STACK 8192k, CORE 0k, NPROC infinity, NOFILE 1024, AS infinity
load average:1.64 0.88 0.65

/proc/meminfo:
MemTotal:        3613824 kB
MemFree:         2331004 kB
Buffers:          112928 kB
Cached:           731236 kB
SwapCached:            0 kB
Active:           617156 kB
Inactive:         621024 kB
Active(anon):     395076 kB
Inactive(anon):     7972 kB
Active(file):     222080 kB
Inactive(file):   613052 kB
Unevictable:          16 kB
Mlocked:              16 kB
HighTotal:       2760648 kB
HighFree:        1627536 kB
LowTotal:         853176 kB
LowFree:          703468 kB
SwapTotal:        407548 kB
SwapFree:         407548 kB
Dirty:               180 kB
Writeback:             0 kB
AnonPages:        394028 kB
Mapped:            86992 kB
Shmem:              9036 kB
Slab:              28900 kB
SReclaimable:      18540 kB
SUnreclaim:        10360 kB
KernelStack:        2584 kB
PageTables:         5528 kB
NFS_Unstable:          0 kB
Bounce:                0 kB
WritebackTmp:          0 kB
CommitLimit:     2214460 kB
Committed_AS:    1247552 kB
VmallocTotal:     122880 kB
VmallocUsed:       51288 kB
VmallocChunk:      66648 kB
HardwareCorrupted:     0 kB
HugePages_Total:       0
HugePages_Free:        0
HugePages_Rsvd:        0
HugePages_Surp:        0
Hugepagesize:       4096 kB
DirectMap4k:       12280 kB
DirectMap4M:      897024 kB


CPU:total 1 (1 cores per cpu, 1 threads per core) family 6 model 69 stepping 1, cmov, cx8, fxsr, mmx, sse, sse2, sse3, ssse3, sse4.1, sse4.2, popcnt

Memory: 4k page, physical 3613824k(2331004k free), swap 407548k(407548k free)

vm_info: OpenJDK Client VM (19.0-b09) for linux-x86 JRE (1.6.0_20-b20), built on Feb 23 2011 09:10:41 by "buildd" with gcc 4.4.5

time: Fri May 19 14:29:32 2017
elapsed time: 101 seconds

