#
# A fatal error has been detected by the Java Runtime Environment:
#
#  SIGSEGV (0xb) at pc=0x00dd6825, pid=6766, tid=3034766192
#
# JRE version: 6.0_20-b20
# Java VM: OpenJDK Client VM (19.0-b09 mixed mode, sharing linux-x86 )
# Derivative: IcedTea6 1.9.7
# Distribution: Ubuntu 10.10, package 6b20-1.9.7-0ubuntu1
# Problematic frame:
# V  [libjvm.so+0x208825]
#
# If you would like to submit a bug report, please include
# instructions how to reproduce the bug and visit:
#   https://bugs.launchpad.net/ubuntu/+source/openjdk-6/
#

---------------  T H R E A D  ---------------

Current thread (0x0917b000):  JavaThread "Thread-0" [_thread_in_Java, id=6779, stack(0xb4ddd000,0xb4e2e000)]

siginfo:si_signo=SIGSEGV: si_errno=0, si_code=1 (SEGV_MAPERR), si_addr=0x0000000c

Registers:
EAX=0x00000001, EBX=0x01037ff4, ECX=0xb4e2c4a8, EDX=0xb4e2c4b0
ESP=0xb4e2c350, EBP=0xb4e2c358, ESI=0x00000000, EDI=0x0000000c
EIP=0x00dd6825, CR2=0x0000000c, EFLAGS=0x00010206

Register to memory mapping:

EAX=0x00000001
0x00000001 is pointing to unknown location

EBX=0x01037ff4
0x01037ff4: <offset 0x469ff4> in /usr/lib/jvm/java-6-openjdk/jre/lib/i386/client/libjvm.so at 0x00bce000

ECX=0xb4e2c4a8
0xb4e2c4a8 is pointing into the stack for thread: 0x0917b000
"Thread-0" prio=10 tid=0x0917b000 nid=0x1a7b runnable [0x00000000]
   java.lang.Thread.State: RUNNABLE

EDX=0xb4e2c4b0
0xb4e2c4b0 is pointing into the stack for thread: 0x0917b000
"Thread-0" prio=10 tid=0x0917b000 nid=0x1a7b runnable [0x00000000]
   java.lang.Thread.State: RUNNABLE

ESP=0xb4e2c350
0xb4e2c350 is pointing into the stack for thread: 0x0917b000
"Thread-0" prio=10 tid=0x0917b000 nid=0x1a7b runnable [0x00000000]
   java.lang.Thread.State: RUNNABLE

EBP=0xb4e2c358
0xb4e2c358 is pointing into the stack for thread: 0x0917b000
"Thread-0" prio=10 tid=0x0917b000 nid=0x1a7b runnable [0x00000000]
   java.lang.Thread.State: RUNNABLE

ESI=0x00000000
0x00000000 is pointing to unknown location

EDI=0x0000000c
0x0000000c is pointing to unknown location


Top of Stack: (sp=0xb4e2c350)
0xb4e2c350:   090d1b74 0917b000 b4e2c3e8 00dd7913
0xb4e2c360:   b4e2c4a8 0917b000 00000001 00000001
0xb4e2c370:   00000000 00000006 b4e2c3b8 b576e301
0xb4e2c380:   0000000a b57a07c0 00fd13b5 b4e2c398
0xb4e2c390:   00000000 00000000 0917b000 09089d40
0xb4e2c3a0:   8fa93010 6fb0bf48 b4e2c700 b577808b
0xb4e2c3b0:   b4e2c738 b4e2c590 0917b000 0917a1a8
0xb4e2c3c0:   090d1b18 090d1b7c 090d1f0c b4e2c858 

Instructions: (pc=0x00dd6825)
0x00dd6815:   14 85 00 00 00 00 01 f2 31 f6 8b 3a 85 ff 74 02
0x00dd6825:   8b 37 89 32 8b 71 38 40 39 f0 7c d7 8b 41 30 5e 

Stack: [0xb4ddd000,0xb4e2e000],  sp=0xb4e2c350,  free space=316k
Native frames: (J=compiled Java code, j=interpreted, Vv=VM code, C=native code)
V  [libjvm.so+0x208825]
V  [libjvm.so+0x209913]
V  [libjvm.so+0x30a509]
V  [libjvm.so+0x20886f]
V  [libjvm.so+0x214419]
V  [libjvm.so+0x227194]
C  [libjava.so+0x12503]  JNU_NewObjectByName+0xb3
C  [libmanagement.so+0x2acc]  Java_sun_management_Flag_getFlags+0x1fc
j  sun.management.Flag.getFlags([Ljava/lang/String;[Lsun/management/Flag;I)I+0
j  sun.management.Flag.getAllFlags()Ljava/util/List;+12
j  sun.management.HotSpotDiagnostic.getDiagnosticOptions()Ljava/util/List;+0
v  ~StubRoutines::call_stub
V  [libjvm.so+0x209932]
V  [libjvm.so+0x30a509]
V  [libjvm.so+0x20886f]
V  [libjvm.so+0x347541]
V  [libjvm.so+0x348297]
V  [libjvm.so+0x255412]
C  [libjava.so+0x149c2]  Java_sun_reflect_NativeMethodAccessorImpl_invoke0+0x32
j  sun.reflect.NativeMethodAccessorImpl.invoke0(Ljava/lang/reflect/Method;Ljava/lang/Object;[Ljava/lang/Object;)Ljava/lang/Object;+0
j  sun.reflect.NativeMethodAccessorImpl.invoke(Ljava/lang/Object;[Ljava/lang/Object;)Ljava/lang/Object;+87
j  sun.reflect.DelegatingMethodAccessorImpl.invoke(Ljava/lang/Object;[Ljava/lang/Object;)Ljava/lang/Object;+6
j  java.lang.reflect.Method.invoke(Ljava/lang/Object;[Ljava/lang/Object;)Ljava/lang/Object;+161
j  com.sun.jmx.mbeanserver.ConvertingMethod.invokeWithOpenReturn(Lcom/sun/jmx/mbeanserver/MXBeanLookup;Ljava/lang/Object;[Ljava/lang/Object;)Ljava/lang/Object;+66
j  com.sun.jmx.mbeanserver.MXBeanIntrospector.invokeM2(Lcom/sun/jmx/mbeanserver/ConvertingMethod;Ljava/lang/Object;[Ljava/lang/Object;Ljava/lang/Object;)Ljava/lang/Object;+8
j  com.sun.jmx.mbeanserver.MXBeanIntrospector.invokeM2(Ljava/lang/Object;Ljava/lang/Object;[Ljava/lang/Object;Ljava/lang/Object;)Ljava/lang/Object;+9
j  com.sun.jmx.mbeanserver.MBeanIntrospector.invokeM(Ljava/lang/Object;Ljava/lang/Object;[Ljava/lang/Object;Ljava/lang/Object;)Ljava/lang/Object;+6
j  com.sun.jmx.mbeanserver.PerInterface.getAttribute(Ljava/lang/Object;Ljava/lang/String;Ljava/lang/Object;)Ljava/lang/Object;+97
j  com.sun.jmx.mbeanserver.MBeanSupport.getAttribute(Ljava/lang/String;)Ljava/lang/Object;+13
j  javax.management.StandardMBean.getAttribute(Ljava/lang/String;)Ljava/lang/Object;+5
j  com.sun.jmx.interceptor.DefaultMBeanServerInterceptor.getAttribute(Ljavax/management/ObjectName;Ljava/lang/String;)Ljava/lang/Object;+125
j  com.sun.jmx.mbeanserver.JmxMBeanServer.getAttribute(Ljavax/management/ObjectName;Ljava/lang/String;)Ljava/lang/Object;+10
j  ippoz.madness.monitor.slave.probes.mbean.BeanManager.loadDefaultBeans()V+105
j  ippoz.madness.monitor.slave.probes.mbean.BeanManager.<init>()V+12
j  ippoz.madness.monitor.slave.probes.JMXLocalProbe.<init>(Ljava/lang/String;ILjava/io/File;)V+16
j  ippoz.madness.monitor.slave.SlaveManager.takeAction(Ljava/util/Collection;)V+316
j  ippoz.madness.monitor.slave.SlaveManager.access$1(Lippoz/madness/monitor/slave/SlaveManager;Ljava/util/Collection;)V+2
j  ippoz.madness.monitor.slave.SlaveManager$SlaveListener.run()V+23
j  java.lang.Thread.run()V+11
v  ~StubRoutines::call_stub
V  [libjvm.so+0x209932]
V  [libjvm.so+0x30a509]
V  [libjvm.so+0x20886f]
V  [libjvm.so+0x2093ba]
V  [libjvm.so+0x209518]
V  [libjvm.so+0x253cdb]
V  [libjvm.so+0x3bb28c]
V  [libjvm.so+0x3bb352]
V  [libjvm.so+0x310f31]
C  [libpthread.so.0+0x5cc9]


---------------  P R O C E S S  ---------------

Java Threads: ( => current thread )
  0x09088c00 JavaThread "DestroyJavaVM" [_thread_blocked, id=6769, stack(0xb776e000,0xb77bf000)]
=>0x0917b000 JavaThread "Thread-0" [_thread_in_Java, id=6779, stack(0xb4ddd000,0xb4e2e000)]
  0x090c4400 JavaThread "Low Memory Detector" daemon [_thread_blocked, id=6777, stack(0xb4eda000,0xb4f2b000)]
  0x090c2400 JavaThread "CompilerThread0" daemon [_thread_blocked, id=6776, stack(0xb4f2b000,0xb4fac000)]
  0x090c0800 JavaThread "Signal Dispatcher" daemon [_thread_blocked, id=6775, stack(0xb4fac000,0xb4ffd000)]
  0x090b9400 JavaThread "Finalizer" daemon [_thread_blocked, id=6774, stack(0xb51fd000,0xb524e000)]
  0x090b7c00 JavaThread "Reference Handler" daemon [_thread_blocked, id=6773, stack(0xb524e000,0xb529f000)]

Other Threads:
  0x090b5c00 VMThread [stack: 0xb529f000,0xb5320000] [id=6772]
  0x090d0000 WatcherThread [stack: 0xb4e59000,0xb4eda000] [id=6778]

VM state:not at safepoint (normal execution)

VM Mutex/Monitor currently owned by a thread: None

Heap
 def new generation   total 4928K, used 2043K [0x6f940000, 0x6fe90000, 0x7a3e0000)
  eden space 4416K,  42% used [0x6f940000, 0x6fb143d8, 0x6fd90000)
  from space 512K,  33% used [0x6fd90000, 0x6fdbab48, 0x6fe10000)
  to   space 512K,   0% used [0x6fe10000, 0x6fe10000, 0x6fe90000)
 tenured generation   total 10944K, used 384K [0x7a3e0000, 0x7ae90000, 0x8f940000)
   the space 10944K,   3% used [0x7a3e0000, 0x7a440308, 0x7a440400, 0x7ae90000)
 compacting perm gen  total 12288K, used 2055K [0x8f940000, 0x90540000, 0x93940000)
   the space 12288K,  16% used [0x8f940000, 0x8fb41d60, 0x8fb41e00, 0x90540000)
    ro space 10240K,  73% used [0x93940000, 0x94098620, 0x94098800, 0x94340000)
    rw space 12288K,  60% used [0x94340000, 0x94a80f20, 0x94a81000, 0x94f40000)

Dynamic libraries:
00110000-00132000 r-xp 00000000 08:01 420986     /usr/lib/jvm/java-6-openjdk/jre/lib/i386/libjava.so
00132000-00133000 r--p 00021000 08:01 420986     /usr/lib/jvm/java-6-openjdk/jre/lib/i386/libjava.so
00133000-00135000 rw-p 00022000 08:01 420986     /usr/lib/jvm/java-6-openjdk/jre/lib/i386/libjava.so
00135000-0013b000 r-xp 00000000 08:01 136964     /lib/libnss_compat-2.12.1.so
0013b000-0013c000 r--p 00006000 08:01 136964     /lib/libnss_compat-2.12.1.so
0013c000-0013d000 rw-p 00007000 08:01 136964     /lib/libnss_compat-2.12.1.so
0013d000-00146000 r-xp 00000000 08:01 136968     /lib/libnss_nis-2.12.1.so
00146000-00147000 r--p 00008000 08:01 136968     /lib/libnss_nis-2.12.1.so
00147000-00148000 rw-p 00009000 08:01 136968     /lib/libnss_nis-2.12.1.so
00148000-00164000 r-xp 00000000 08:01 136949     /lib/ld-2.12.1.so
00164000-00165000 r--p 0001b000 08:01 136949     /lib/ld-2.12.1.so
00165000-00166000 rw-p 0001c000 08:01 136949     /lib/ld-2.12.1.so
00166000-0017a000 r-xp 00000000 08:01 421022     /usr/lib/jvm/java-6-openjdk/jre/lib/i386/libnet.so
0017a000-0017b000 r--p 00013000 08:01 421022     /usr/lib/jvm/java-6-openjdk/jre/lib/i386/libnet.so
0017b000-0017c000 rw-p 00014000 08:01 421022     /usr/lib/jvm/java-6-openjdk/jre/lib/i386/libnet.so
001e5000-001e7000 r-xp 00000000 08:01 136960     /lib/libdl-2.12.1.so
001e7000-001e8000 r--p 00001000 08:01 136960     /lib/libdl-2.12.1.so
001e8000-001e9000 rw-p 00002000 08:01 136960     /lib/libdl-2.12.1.so
00255000-0025c000 r-xp 00000000 08:01 420990     /usr/lib/jvm/java-6-openjdk/jre/lib/i386/libnio.so
0025c000-0025d000 r--p 00006000 08:01 420990     /usr/lib/jvm/java-6-openjdk/jre/lib/i386/libnio.so
0025d000-0025e000 rw-p 00007000 08:01 420990     /usr/lib/jvm/java-6-openjdk/jre/lib/i386/libnio.so
0025f000-003b6000 r-xp 00000000 08:01 136957     /lib/libc-2.12.1.so
003b6000-003b8000 r--p 00157000 08:01 136957     /lib/libc-2.12.1.so
003b8000-003b9000 rw-p 00159000 08:01 136957     /lib/libc-2.12.1.so
003b9000-003bc000 rw-p 00000000 00:00 0 
00478000-0049c000 r-xp 00000000 08:01 136961     /lib/libm-2.12.1.so
0049c000-0049d000 r--p 00023000 08:01 136961     /lib/libm-2.12.1.so
0049d000-0049e000 rw-p 00024000 08:01 136961     /lib/libm-2.12.1.so
0049e000-004b1000 r-xp 00000000 08:01 133550     /lib/libz.so.1.2.3.4
004b1000-004b2000 r--p 00012000 08:01 133550     /lib/libz.so.1.2.3.4
004b2000-004b3000 rw-p 00013000 08:01 133550     /lib/libz.so.1.2.3.4
00553000-00559000 r-xp 00000000 08:01 421007     /usr/lib/jvm/java-6-openjdk/jre/lib/i386/native_threads/libhpi.so
00559000-0055a000 r--p 00005000 08:01 421007     /usr/lib/jvm/java-6-openjdk/jre/lib/i386/native_threads/libhpi.so
0055a000-0055b000 rw-p 00006000 08:01 421007     /usr/lib/jvm/java-6-openjdk/jre/lib/i386/native_threads/libhpi.so
005a8000-005a9000 r-xp 00000000 00:00 0          [vdso]
00721000-00727000 r-xp 00000000 08:01 420991     /usr/lib/jvm/java-6-openjdk/jre/lib/i386/libzip.so
00727000-00728000 r--p 00005000 08:01 420991     /usr/lib/jvm/java-6-openjdk/jre/lib/i386/libzip.so
00728000-00729000 rw-p 00006000 08:01 420991     /usr/lib/jvm/java-6-openjdk/jre/lib/i386/libzip.so
008d1000-008d8000 r-xp 00000000 08:01 136973     /lib/librt-2.12.1.so
008d8000-008d9000 r--p 00006000 08:01 136973     /lib/librt-2.12.1.so
008d9000-008da000 rw-p 00007000 08:01 136973     /lib/librt-2.12.1.so
0091e000-00928000 r-xp 00000000 08:01 136966     /lib/libnss_files-2.12.1.so
00928000-00929000 r--p 00009000 08:01 136966     /lib/libnss_files-2.12.1.so
00929000-0092a000 rw-p 0000a000 08:01 136966     /lib/libnss_files-2.12.1.so
0096b000-0097e000 r-xp 00000000 08:01 136963     /lib/libnsl-2.12.1.so
0097e000-0097f000 r--p 00012000 08:01 136963     /lib/libnsl-2.12.1.so
0097f000-00980000 rw-p 00013000 08:01 136963     /lib/libnsl-2.12.1.so
00980000-00982000 rw-p 00000000 00:00 0 
009a1000-009b6000 r-xp 00000000 08:01 136971     /lib/libpthread-2.12.1.so
009b6000-009b7000 ---p 00015000 08:01 136971     /lib/libpthread-2.12.1.so
009b7000-009b8000 r--p 00015000 08:01 136971     /lib/libpthread-2.12.1.so
009b8000-009b9000 rw-p 00016000 08:01 136971     /lib/libpthread-2.12.1.so
009b9000-009bb000 rw-p 00000000 00:00 0 
00b0e000-00b14000 r-xp 00000000 08:01 421017     /usr/lib/jvm/java-6-openjdk/jre/lib/i386/libmanagement.so
00b14000-00b15000 r--p 00005000 08:01 421017     /usr/lib/jvm/java-6-openjdk/jre/lib/i386/libmanagement.so
00b15000-00b16000 rw-p 00006000 08:01 421017     /usr/lib/jvm/java-6-openjdk/jre/lib/i386/libmanagement.so
00b82000-00b8d000 r-xp 00000000 08:01 421014     /usr/lib/jvm/java-6-openjdk/jre/lib/i386/libverify.so
00b8d000-00b8e000 ---p 0000b000 08:01 421014     /usr/lib/jvm/java-6-openjdk/jre/lib/i386/libverify.so
00b8e000-00b8f000 r--p 0000b000 08:01 421014     /usr/lib/jvm/java-6-openjdk/jre/lib/i386/libverify.so
00b8f000-00b90000 rw-p 0000c000 08:01 421014     /usr/lib/jvm/java-6-openjdk/jre/lib/i386/libverify.so
00bc9000-00bcc000 r-xp 00000000 08:01 420995     /usr/lib/jvm/java-6-openjdk/jre/lib/i386/jli/libjli.so
00bcc000-00bcd000 r--p 00002000 08:01 420995     /usr/lib/jvm/java-6-openjdk/jre/lib/i386/jli/libjli.so
00bcd000-00bce000 rw-p 00003000 08:01 420995     /usr/lib/jvm/java-6-openjdk/jre/lib/i386/jli/libjli.so
00bce000-01021000 r-xp 00000000 08:01 421002     /usr/lib/jvm/java-6-openjdk/jre/lib/i386/client/libjvm.so
01021000-01038000 r--p 00453000 08:01 421002     /usr/lib/jvm/java-6-openjdk/jre/lib/i386/client/libjvm.so
01038000-01045000 rw-p 0046a000 08:01 421002     /usr/lib/jvm/java-6-openjdk/jre/lib/i386/client/libjvm.so
01045000-01461000 rw-p 00000000 00:00 0 
08048000-08051000 r-xp 00000000 08:01 420955     /usr/lib/jvm/java-6-openjdk/jre/bin/java
08051000-08052000 r--p 00008000 08:01 420955     /usr/lib/jvm/java-6-openjdk/jre/bin/java
08052000-08053000 rw-p 00009000 08:01 420955     /usr/lib/jvm/java-6-openjdk/jre/bin/java
09082000-091c9000 rw-p 00000000 00:00 0          [heap]
6f940000-6fe90000 rw-p 00000000 00:00 0 
6fe90000-7a3e0000 rw-p 00000000 00:00 0 
7a3e0000-7ae90000 rw-p 00000000 00:00 0 
7ae90000-8f940000 rw-p 00000000 00:00 0 
8f940000-90540000 rw-p 00000000 00:00 0 
90540000-93940000 rw-p 00000000 00:00 0 
93940000-94099000 r--s 00001000 08:01 422631     /usr/lib/jvm/java-6-openjdk/jre/lib/i386/client/classes.jsa
94099000-94340000 rw-p 00000000 00:00 0 
94340000-94a81000 rw-p 0075a000 08:01 422631     /usr/lib/jvm/java-6-openjdk/jre/lib/i386/client/classes.jsa
94a81000-94f40000 rw-p 00000000 00:00 0 
94f40000-9503b000 rw-p 00e9b000 08:01 422631     /usr/lib/jvm/java-6-openjdk/jre/lib/i386/client/classes.jsa
9503b000-95340000 rw-p 00000000 00:00 0 
95340000-95348000 r-xs 00f96000 08:01 422631     /usr/lib/jvm/java-6-openjdk/jre/lib/i386/client/classes.jsa
95348000-95740000 rw-p 00000000 00:00 0 
b4c48000-b4c4b000 ---p 00000000 00:00 0 
b4c4b000-b4c99000 rw-p 00000000 00:00 0 
b4c99000-b4c9c000 ---p 00000000 00:00 0 
b4c9c000-b4cea000 rw-p 00000000 00:00 0 
b4cea000-b4ced000 ---p 00000000 00:00 0 
b4ced000-b4d3b000 rw-p 00000000 00:00 0 
b4d3b000-b4d3e000 ---p 00000000 00:00 0 
b4d3e000-b4d8c000 rw-p 00000000 00:00 0 
b4d8c000-b4d8f000 ---p 00000000 00:00 0 
b4d8f000-b4ddd000 rw-p 00000000 00:00 0 
b4ddd000-b4de0000 ---p 00000000 00:00 0 
b4de0000-b4e2e000 rw-p 00000000 00:00 0 
b4e2e000-b4e31000 r--s 00077000 08:01 410364     /usr/lib/jvm/java-6-openjdk/jre/lib/ext/localedata.jar
b4e31000-b4e36000 r--s 00035000 08:01 332977     /home/andrea/git/MADneSs_Monitor/MADneSs_Monitor/MADneSs_Monitor_Slave/lib/commons-beanutils-1.9.2.jar
b4e36000-b4e38000 r--s 0000d000 08:01 326948     /home/andrea/git/MADneSs_Monitor/MADneSs_Monitor/MADneSs_Monitor_Slave/lib/commons-logging-1.1.1.jar
b4e38000-b4e46000 r--s 0007f000 08:01 327007     /home/andrea/git/MADneSs_Monitor/MADneSs_Monitor/MADneSs_Monitor_Slave/lib/commons-collections-3.2.1.jar
b4e46000-b4e4b000 r--s 00041000 08:01 332947     /home/andrea/git/MADneSs_Monitor/MADneSs_Monitor/MADneSs_Monitor_Slave/lib/commons-lang-2.6.jar
b4e4b000-b4e4e000 r--s 00024000 08:01 326905     /home/andrea/git/MADneSs_Monitor/MADneSs_Monitor/MADneSs_Monitor_Slave/lib/json-lib-2.4-jdk15.jar
b4e4e000-b4e51000 r--s 0000f000 08:01 410368     /usr/lib/jvm/java-6-openjdk/jre/lib/ext/pulse-java.jar
b4e51000-b4e59000 r--s 00066000 08:01 323668     /usr/share/java/gnome-java-bridge.jar
b4e59000-b4e5a000 ---p 00000000 00:00 0 
b4e5a000-b4eda000 rw-p 00000000 00:00 0 
b4eda000-b4edd000 ---p 00000000 00:00 0 
b4edd000-b4f2b000 rw-p 00000000 00:00 0 
b4f2b000-b4f2e000 ---p 00000000 00:00 0 
b4f2e000-b4fac000 rw-p 00000000 00:00 0 
b4fac000-b4faf000 ---p 00000000 00:00 0 
b4faf000-b4ffd000 rw-p 00000000 00:00 0 
b4ffd000-b51fd000 r--p 00000000 08:01 5102       /usr/lib/locale/locale-archive
b51fd000-b5200000 ---p 00000000 00:00 0 
b5200000-b524e000 rw-p 00000000 00:00 0 
b524e000-b5251000 ---p 00000000 00:00 0 
b5251000-b529f000 rw-p 00000000 00:00 0 
b529f000-b52a0000 ---p 00000000 00:00 0 
b52a0000-b5320000 rw-p 00000000 00:00 0 
b5320000-b5322000 r--s 0001d000 08:01 410331     /usr/lib/jvm/java-6-openjdk/jre/lib/plugin.jar
b5322000-b5327000 r--s 00044000 08:01 410335     /usr/lib/jvm/java-6-openjdk/jre/lib/netx.jar
b5327000-b535a000 rw-p 00000000 00:00 0 
b535a000-b54e9000 r--s 038c2000 08:01 421027     /usr/lib/jvm/java-6-openjdk/jre/lib/rt.jar
b54e9000-b54fd000 rw-p 00000000 00:00 0 
b54fd000-b5517000 rw-p 00000000 00:00 0 
b5517000-b551d000 rw-p 00000000 00:00 0 
b551d000-b55c2000 rw-p 00000000 00:00 0 
b55c2000-b55c5000 rw-p 00000000 00:00 0 
b55c5000-b5617000 rw-p 00000000 00:00 0 
b5617000-b561d000 rw-p 00000000 00:00 0 
b561d000-b56c2000 rw-p 00000000 00:00 0 
b56c2000-b56c8000 rw-p 00000000 00:00 0 
b56c8000-b56e2000 rw-p 00000000 00:00 0 
b56e2000-b56f2000 rw-p 00000000 00:00 0 
b56f2000-b576e000 rw-p 00000000 00:00 0 
b576e000-b5836000 rwxp 00000000 00:00 0 
b5836000-b776e000 rw-p 00000000 00:00 0 
b776e000-b7771000 ---p 00000000 00:00 0 
b7771000-b77c2000 rw-p 00000000 00:00 0 
b77c2000-b77c4000 r--s 0000e000 08:01 324774     /home/andrea/git/MADneSs_Monitor/MADneSs_Monitor/MADneSs_Monitor_Slave/lib/ezmorph-0.9.jar
b77c4000-b77c5000 r--p 002a1000 08:01 5102       /usr/lib/locale/locale-archive
b77c5000-b77cd000 rw-s 00000000 08:01 133730     /tmp/hsperfdata_andrea/6766
b77cd000-b77ce000 rw-p 00000000 00:00 0 
b77ce000-b77cf000 r--p 00000000 00:00 0 
b77cf000-b77d1000 rw-p 00000000 00:00 0 
bf8c5000-bf8e6000 rw-p 00000000 00:00 0          [stack]

VM Arguments:
jvm_args: -Dfile.encoding=UTF-8 
java_command: ippoz.madness.monitor.slave.ExperimentSlave
Launcher Type: SUN_STANDARD

Environment Variables:
PATH=/usr/local/sbin:/usr/local/bin:/usr/sbin:/usr/bin:/sbin:/bin:/usr/games
USERNAME=andrea
LD_LIBRARY_PATH=/usr/lib/jvm/java-6-openjdk/jre/lib/i386/client:/usr/lib/jvm/java-6-openjdk/jre/lib/i386:/usr/lib/jvm/java-6-openjdk/jre/../lib/i386:/usr/lib/jvm/java-6-openjdk/jre/lib/i386/client:/usr/lib/jvm/java-6-openjdk/jre/lib/i386:
SHELL=/bin/bash
DISPLAY=:0.0

Signal Handlers:
SIGSEGV: [libjvm.so+0x3ea1b0], sa_mask[0]=0x7ffbfeff, sa_flags=0x10000004
SIGBUS: [libjvm.so+0x3ea1b0], sa_mask[0]=0x7ffbfeff, sa_flags=0x10000004
SIGFPE: [libjvm.so+0x30d250], sa_mask[0]=0x7ffbfeff, sa_flags=0x10000004
SIGPIPE: [libjvm.so+0x30d250], sa_mask[0]=0x7ffbfeff, sa_flags=0x10000004
SIGXFSZ: [libjvm.so+0x30d250], sa_mask[0]=0x7ffbfeff, sa_flags=0x10000004
SIGILL: [libjvm.so+0x30d250], sa_mask[0]=0x7ffbfeff, sa_flags=0x10000004
SIGUSR1: SIG_DFL, sa_mask[0]=0x00000000, sa_flags=0x00000000
SIGUSR2: [libjvm.so+0x30c900], sa_mask[0]=0x00000004, sa_flags=0x10000004
SIGHUP: [libjvm.so+0x30f470], sa_mask[0]=0x7ffbfeff, sa_flags=0x10000004
SIGINT: [libjvm.so+0x30f470], sa_mask[0]=0x7ffbfeff, sa_flags=0x10000004
SIGTERM: [libjvm.so+0x30f470], sa_mask[0]=0x7ffbfeff, sa_flags=0x10000004
SIGQUIT: [libjvm.so+0x30f470], sa_mask[0]=0x7ffbfeff, sa_flags=0x10000004


---------------  S Y S T E M  ---------------

OS:Ubuntu 10.10 (maverick)
uname:Linux 2.6.35-25-generic #44-Ubuntu SMP Fri Jan 21 17:40:48 UTC 2011 i686
libc:glibc 2.12.1 NPTL 2.12.1 
rlimit: STACK 8192k, CORE 0k, NPROC infinity, NOFILE 1024, AS infinity
load average:1.14 1.14 1.07

/proc/meminfo:
MemTotal:        3613824 kB
MemFree:         2222500 kB
Buffers:           54536 kB
Cached:           859464 kB
SwapCached:            0 kB
Active:           771528 kB
Inactive:         572376 kB
Active(anon):     430964 kB
Inactive(anon):     7060 kB
Active(file):     340564 kB
Inactive(file):   565316 kB
Unevictable:          16 kB
Mlocked:              16 kB
HighTotal:       2760648 kB
HighFree:        1463484 kB
LowTotal:         853176 kB
LowFree:          759016 kB
SwapTotal:        407548 kB
SwapFree:         407548 kB
Dirty:               668 kB
Writeback:             0 kB
AnonPages:        429916 kB
Mapped:            85472 kB
Shmem:              8124 kB
Slab:              29312 kB
SReclaimable:      19328 kB
SUnreclaim:         9984 kB
KernelStack:        2496 kB
PageTables:         5628 kB
NFS_Unstable:          0 kB
Bounce:                0 kB
WritebackTmp:          0 kB
CommitLimit:     2214460 kB
Committed_AS:    1271460 kB
VmallocTotal:     122880 kB
VmallocUsed:       51288 kB
VmallocChunk:      66644 kB
HardwareCorrupted:     0 kB
HugePages_Total:       0
HugePages_Free:        0
HugePages_Rsvd:        0
HugePages_Surp:        0
Hugepagesize:       4096 kB
DirectMap4k:       12280 kB
DirectMap4M:      897024 kB


CPU:total 1 (1 cores per cpu, 1 threads per core) family 6 model 69 stepping 1, cmov, cx8, fxsr, mmx, sse, sse2, sse3, ssse3, sse4.1, sse4.2, popcnt

Memory: 4k page, physical 3613824k(2222500k free), swap 407548k(407548k free)

vm_info: OpenJDK Client VM (19.0-b09) for linux-x86 JRE (1.6.0_20-b20), built on Feb 23 2011 09:10:41 by "buildd" with gcc 4.4.5

time: Fri May 12 11:39:27 2017
elapsed time: 125 seconds

